{"/Users/kevin/projects/nmeshed/sdks/javascript/src/mesh/ConnectionManager.ts": {"path":"/Users/kevin/projects/nmeshed/sdks/javascript/src/mesh/ConnectionManager.ts","statementMap":{"0":{"start":{"line":30,"column":4},"end":{"line":30,"column":null}},"1":{"start":{"line":31,"column":4},"end":{"line":31,"column":null}},"2":{"start":{"line":32,"column":4},"end":{"line":32,"column":null}},"3":{"start":{"line":36,"column":8},"end":{"line":36,"column":null}},"4":{"start":{"line":40,"column":8},"end":{"line":40,"column":null}},"5":{"start":{"line":44,"column":8},"end":{"line":44,"column":null}},"6":{"start":{"line":48,"column":8},"end":{"line":48,"column":null}},"7":{"start":{"line":55,"column":19},"end":{"line":55,"column":null}},"8":{"start":{"line":56,"column":8},"end":{"line":56,"column":null}},"9":{"start":{"line":63,"column":23},"end":{"line":63,"column":null}},"10":{"start":{"line":64,"column":8},"end":{"line":68,"column":null}},"11":{"start":{"line":65,"column":12},"end":{"line":67,"column":null}},"12":{"start":{"line":66,"column":16},"end":{"line":66,"column":null}},"13":{"start":{"line":75,"column":19},"end":{"line":75,"column":null}},"14":{"start":{"line":76,"column":8},"end":{"line":81,"column":null}},"15":{"start":{"line":77,"column":27},"end":{"line":77,"column":null}},"16":{"start":{"line":78,"column":12},"end":{"line":78,"column":null}},"17":{"start":{"line":80,"column":12},"end":{"line":80,"column":null}},"18":{"start":{"line":88,"column":8},"end":{"line":88,"column":null}},"19":{"start":{"line":88,"column":36},"end":{"line":88,"column":null}},"20":{"start":{"line":90,"column":19},"end":{"line":90,"column":null}},"21":{"start":{"line":91,"column":19},"end":{"line":91,"column":null}},"22":{"start":{"line":92,"column":8},"end":{"line":92,"column":null}},"23":{"start":{"line":94,"column":22},"end":{"line":94,"column":null}},"24":{"start":{"line":95,"column":8},"end":{"line":95,"column":null}},"25":{"start":{"line":96,"column":8},"end":{"line":96,"column":null}},"26":{"start":{"line":103,"column":17},"end":{"line":103,"column":null}},"27":{"start":{"line":104,"column":8},"end":{"line":104,"column":null}},"28":{"start":{"line":104,"column":17},"end":{"line":104,"column":null}},"29":{"start":{"line":106,"column":8},"end":{"line":121,"column":null}},"30":{"start":{"line":107,"column":12},"end":{"line":115,"column":null}},"31":{"start":{"line":109,"column":16},"end":{"line":112,"column":null}},"32":{"start":{"line":114,"column":16},"end":{"line":114,"column":null}},"33":{"start":{"line":116,"column":27},"end":{"line":116,"column":null}},"34":{"start":{"line":117,"column":12},"end":{"line":117,"column":null}},"35":{"start":{"line":118,"column":12},"end":{"line":118,"column":null}},"36":{"start":{"line":120,"column":12},"end":{"line":120,"column":null}},"37":{"start":{"line":128,"column":19},"end":{"line":128,"column":null}},"38":{"start":{"line":129,"column":8},"end":{"line":132,"column":null}},"39":{"start":{"line":130,"column":12},"end":{"line":130,"column":null}},"40":{"start":{"line":131,"column":12},"end":{"line":131,"column":null}},"41":{"start":{"line":133,"column":8},"end":{"line":141,"column":null}},"42":{"start":{"line":134,"column":12},"end":{"line":138,"column":null}},"43":{"start":{"line":135,"column":16},"end":{"line":135,"column":null}},"44":{"start":{"line":137,"column":16},"end":{"line":137,"column":null}},"45":{"start":{"line":140,"column":12},"end":{"line":140,"column":null}},"46":{"start":{"line":148,"column":19},"end":{"line":148,"column":null}},"47":{"start":{"line":149,"column":8},"end":{"line":149,"column":null}},"48":{"start":{"line":149,"column":17},"end":{"line":149,"column":null}},"49":{"start":{"line":150,"column":8},"end":{"line":154,"column":null}},"50":{"start":{"line":151,"column":12},"end":{"line":151,"column":null}},"51":{"start":{"line":153,"column":12},"end":{"line":153,"column":null}},"52":{"start":{"line":161,"column":8},"end":{"line":163,"column":null}},"53":{"start":{"line":162,"column":12},"end":{"line":162,"column":null}},"54":{"start":{"line":167,"column":19},"end":{"line":169,"column":null}},"55":{"start":{"line":171,"column":8},"end":{"line":175,"column":null}},"56":{"start":{"line":172,"column":12},"end":{"line":174,"column":null}},"57":{"start":{"line":173,"column":16},"end":{"line":173,"column":null}},"58":{"start":{"line":177,"column":8},"end":{"line":180,"column":null}},"59":{"start":{"line":178,"column":12},"end":{"line":178,"column":null}},"60":{"start":{"line":179,"column":12},"end":{"line":179,"column":null}},"61":{"start":{"line":182,"column":8},"end":{"line":182,"column":null}},"62":{"start":{"line":183,"column":8},"end":{"line":183,"column":null}},"63":{"start":{"line":187,"column":8},"end":{"line":187,"column":null}},"64":{"start":{"line":189,"column":28},"end":{"line":189,"column":null}},"65":{"start":{"line":190,"column":23},"end":{"line":199,"column":null}},"66":{"start":{"line":191,"column":12},"end":{"line":191,"column":null}},"67":{"start":{"line":191,"column":31},"end":{"line":191,"column":null}},"68":{"start":{"line":192,"column":12},"end":{"line":192,"column":null}},"69":{"start":{"line":193,"column":12},"end":{"line":193,"column":null}},"70":{"start":{"line":194,"column":12},"end":{"line":198,"column":null}},"71":{"start":{"line":195,"column":16},"end":{"line":195,"column":null}},"72":{"start":{"line":197,"column":16},"end":{"line":197,"column":null}},"73":{"start":{"line":201,"column":8},"end":{"line":201,"column":null}},"74":{"start":{"line":202,"column":8},"end":{"line":204,"column":null}},"75":{"start":{"line":203,"column":12},"end":{"line":203,"column":null}},"76":{"start":{"line":206,"column":8},"end":{"line":214,"column":null}},"77":{"start":{"line":207,"column":12},"end":{"line":213,"column":null}},"78":{"start":{"line":208,"column":16},"end":{"line":210,"column":null}},"79":{"start":{"line":209,"column":20},"end":{"line":209,"column":null}},"80":{"start":{"line":212,"column":16},"end":{"line":212,"column":null}},"81":{"start":{"line":216,"column":8},"end":{"line":219,"column":null}},"82":{"start":{"line":217,"column":12},"end":{"line":217,"column":null}},"83":{"start":{"line":218,"column":12},"end":{"line":218,"column":null}},"84":{"start":{"line":221,"column":8},"end":{"line":223,"column":null}},"85":{"start":{"line":222,"column":12},"end":{"line":222,"column":null}},"86":{"start":{"line":225,"column":8},"end":{"line":225,"column":null}},"87":{"start":{"line":229,"column":22},"end":{"line":229,"column":null}},"88":{"start":{"line":231,"column":19},"end":{"line":231,"column":null}},"89":{"start":{"line":232,"column":8},"end":{"line":238,"column":null}},"90":{"start":{"line":233,"column":12},"end":{"line":235,"column":null}},"91":{"start":{"line":234,"column":16},"end":{"line":234,"column":null}},"92":{"start":{"line":236,"column":12},"end":{"line":236,"column":null}},"93":{"start":{"line":237,"column":12},"end":{"line":237,"column":null}},"94":{"start":{"line":240,"column":8},"end":{"line":243,"column":null}},"95":{"start":{"line":241,"column":12},"end":{"line":241,"column":null}},"96":{"start":{"line":242,"column":12},"end":{"line":242,"column":null}},"97":{"start":{"line":245,"column":8},"end":{"line":251,"column":null}},"98":{"start":{"line":246,"column":12},"end":{"line":250,"column":null}},"99":{"start":{"line":247,"column":16},"end":{"line":247,"column":null}},"100":{"start":{"line":249,"column":16},"end":{"line":249,"column":null}}},"fnMap":{"0":{"name":"(anonymous_0)","decl":{"start":{"line":35,"column":4},"end":{"line":35,"column":16}},"loc":{"start":{"line":35,"column":49},"end":{"line":37,"column":null}},"line":35},"1":{"name":"(anonymous_1)","decl":{"start":{"line":39,"column":11},"end":{"line":39,"column":24}},"loc":{"start":{"line":39,"column":62},"end":{"line":41,"column":null}},"line":39},"2":{"name":"(anonymous_2)","decl":{"start":{"line":43,"column":11},"end":{"line":43,"column":19}},"loc":{"start":{"line":43,"column":44},"end":{"line":45,"column":null}},"line":43},"3":{"name":"(anonymous_3)","decl":{"start":{"line":47,"column":11},"end":{"line":47,"column":34}},"loc":{"start":{"line":47,"column":34},"end":{"line":49,"column":null}},"line":47},"4":{"name":"(anonymous_4)","decl":{"start":{"line":54,"column":11},"end":{"line":54,"column":20}},"loc":{"start":{"line":54,"column":45},"end":{"line":57,"column":null}},"line":54},"5":{"name":"(anonymous_5)","decl":{"start":{"line":62,"column":11},"end":{"line":62,"column":21}},"loc":{"start":{"line":62,"column":53},"end":{"line":69,"column":null}},"line":62},"6":{"name":"(anonymous_6)","decl":{"start":{"line":64,"column":34},"end":{"line":64,"column":40}},"loc":{"start":{"line":64,"column":40},"end":{"line":68,"column":9}},"line":64},"7":{"name":"(anonymous_7)","decl":{"start":{"line":74,"column":11},"end":{"line":74,"column":22}},"loc":{"start":{"line":74,"column":70},"end":{"line":82,"column":null}},"line":74},"8":{"name":"(anonymous_8)","decl":{"start":{"line":87,"column":17},"end":{"line":87,"column":36}},"loc":{"start":{"line":87,"column":52},"end":{"line":97,"column":null}},"line":87},"9":{"name":"(anonymous_9)","decl":{"start":{"line":102,"column":17},"end":{"line":102,"column":29}},"loc":{"start":{"line":102,"column":56},"end":{"line":122,"column":null}},"line":102},"10":{"name":"(anonymous_10)","decl":{"start":{"line":127,"column":17},"end":{"line":127,"column":30}},"loc":{"start":{"line":127,"column":57},"end":{"line":142,"column":null}},"line":127},"11":{"name":"(anonymous_11)","decl":{"start":{"line":147,"column":17},"end":{"line":147,"column":33}},"loc":{"start":{"line":147,"column":79},"end":{"line":155,"column":null}},"line":147},"12":{"name":"(anonymous_12)","decl":{"start":{"line":160,"column":11},"end":{"line":160,"column":22}},"loc":{"start":{"line":160,"column":22},"end":{"line":164,"column":null}},"line":160},"13":{"name":"(anonymous_13)","decl":{"start":{"line":166,"column":12},"end":{"line":166,"column":33}},"loc":{"start":{"line":166,"column":68},"end":{"line":184,"column":null}},"line":166},"14":{"name":"(anonymous_14)","decl":{"start":{"line":171,"column":28},"end":{"line":171,"column":29}},"loc":{"start":{"line":171,"column":35},"end":{"line":175,"column":null}},"line":171},"15":{"name":"(anonymous_15)","decl":{"start":{"line":177,"column":27},"end":{"line":177,"column":28}},"loc":{"start":{"line":177,"column":34},"end":{"line":180,"column":null}},"line":177},"16":{"name":"(anonymous_16)","decl":{"start":{"line":186,"column":12},"end":{"line":186,"column":29}},"loc":{"start":{"line":186,"column":65},"end":{"line":226,"column":null}},"line":186},"17":{"name":"(anonymous_17)","decl":{"start":{"line":190,"column":23},"end":{"line":190,"column":29}},"loc":{"start":{"line":190,"column":29},"end":{"line":199,"column":null}},"line":190},"18":{"name":"(anonymous_18)","decl":{"start":{"line":206,"column":23},"end":{"line":206,"column":24}},"loc":{"start":{"line":206,"column":30},"end":{"line":214,"column":null}},"line":206},"19":{"name":"(anonymous_19)","decl":{"start":{"line":216,"column":21},"end":{"line":216,"column":27}},"loc":{"start":{"line":216,"column":27},"end":{"line":219,"column":null}},"line":216},"20":{"name":"(anonymous_20)","decl":{"start":{"line":221,"column":21},"end":{"line":221,"column":22}},"loc":{"start":{"line":221,"column":28},"end":{"line":223,"column":null}},"line":221},"21":{"name":"(anonymous_21)","decl":{"start":{"line":228,"column":12},"end":{"line":228,"column":24}},"loc":{"start":{"line":228,"column":40},"end":{"line":252,"column":null}},"line":228}},"branchMap":{"0":{"loc":{"start":{"line":56,"column":15},"end":{"line":56,"column":null}},"type":"binary-expr","locations":[{"start":{"line":56,"column":15},"end":{"line":56,"column":35}},{"start":{"line":56,"column":35},"end":{"line":56,"column":null}}],"line":56},"1":{"loc":{"start":{"line":63,"column":23},"end":{"line":63,"column":null}},"type":"cond-expr","locations":[{"start":{"line":63,"column":53},"end":{"line":63,"column":76}},{"start":{"line":63,"column":76},"end":{"line":63,"column":null}}],"line":63},"2":{"loc":{"start":{"line":65,"column":12},"end":{"line":67,"column":null}},"type":"if","locations":[{"start":{"line":65,"column":12},"end":{"line":67,"column":null}},{"start":{},"end":{}}],"line":65},"3":{"loc":{"start":{"line":76,"column":8},"end":{"line":81,"column":null}},"type":"if","locations":[{"start":{"line":76,"column":8},"end":{"line":81,"column":null}},{"start":{"line":79,"column":15},"end":{"line":81,"column":null}}],"line":76},"4":{"loc":{"start":{"line":76,"column":12},"end":{"line":76,"column":44}},"type":"binary-expr","locations":[{"start":{"line":76,"column":12},"end":{"line":76,"column":18}},{"start":{"line":76,"column":18},"end":{"line":76,"column":44}}],"line":76},"5":{"loc":{"start":{"line":77,"column":27},"end":{"line":77,"column":null}},"type":"cond-expr","locations":[{"start":{"line":77,"column":57},"end":{"line":77,"column":80}},{"start":{"line":77,"column":80},"end":{"line":77,"column":null}}],"line":77},"6":{"loc":{"start":{"line":88,"column":8},"end":{"line":88,"column":null}},"type":"if","locations":[{"start":{"line":88,"column":8},"end":{"line":88,"column":null}},{"start":{},"end":{}}],"line":88},"7":{"loc":{"start":{"line":104,"column":8},"end":{"line":104,"column":null}},"type":"if","locations":[{"start":{"line":104,"column":8},"end":{"line":104,"column":null}},{"start":{},"end":{}}],"line":104},"8":{"loc":{"start":{"line":107,"column":12},"end":{"line":115,"column":null}},"type":"if","locations":[{"start":{"line":107,"column":12},"end":{"line":115,"column":null}},{"start":{"line":113,"column":19},"end":{"line":115,"column":null}}],"line":107},"9":{"loc":{"start":{"line":129,"column":8},"end":{"line":132,"column":null}},"type":"if","locations":[{"start":{"line":129,"column":8},"end":{"line":132,"column":null}},{"start":{},"end":{}}],"line":129},"10":{"loc":{"start":{"line":134,"column":12},"end":{"line":138,"column":null}},"type":"if","locations":[{"start":{"line":134,"column":12},"end":{"line":138,"column":null}},{"start":{"line":136,"column":19},"end":{"line":138,"column":null}}],"line":134},"11":{"loc":{"start":{"line":134,"column":16},"end":{"line":134,"column":105}},"type":"binary-expr","locations":[{"start":{"line":134,"column":16},"end":{"line":134,"column":60}},{"start":{"line":134,"column":60},"end":{"line":134,"column":105}}],"line":134},"12":{"loc":{"start":{"line":149,"column":8},"end":{"line":149,"column":null}},"type":"if","locations":[{"start":{"line":149,"column":8},"end":{"line":149,"column":null}},{"start":{},"end":{}}],"line":149},"13":{"loc":{"start":{"line":172,"column":12},"end":{"line":174,"column":null}},"type":"if","locations":[{"start":{"line":172,"column":12},"end":{"line":174,"column":null}},{"start":{},"end":{}}],"line":172},"14":{"loc":{"start":{"line":191,"column":12},"end":{"line":191,"column":null}},"type":"if","locations":[{"start":{"line":191,"column":12},"end":{"line":191,"column":null}},{"start":{},"end":{}}],"line":191},"15":{"loc":{"start":{"line":202,"column":8},"end":{"line":204,"column":null}},"type":"if","locations":[{"start":{"line":202,"column":8},"end":{"line":204,"column":null}},{"start":{},"end":{}}],"line":202},"16":{"loc":{"start":{"line":208,"column":16},"end":{"line":210,"column":null}},"type":"if","locations":[{"start":{"line":208,"column":16},"end":{"line":210,"column":null}},{"start":{},"end":{}}],"line":208},"17":{"loc":{"start":{"line":232,"column":8},"end":{"line":238,"column":null}},"type":"if","locations":[{"start":{"line":232,"column":8},"end":{"line":238,"column":null}},{"start":{},"end":{}}],"line":232},"18":{"loc":{"start":{"line":240,"column":8},"end":{"line":243,"column":null}},"type":"if","locations":[{"start":{"line":240,"column":8},"end":{"line":243,"column":null}},{"start":{},"end":{}}],"line":240},"19":{"loc":{"start":{"line":245,"column":8},"end":{"line":251,"column":null}},"type":"if","locations":[{"start":{"line":245,"column":8},"end":{"line":251,"column":null}},{"start":{},"end":{}}],"line":245}},"s":{"0":14,"1":14,"2":14,"3":14,"4":7,"5":0,"6":1,"7":2,"8":2,"9":1,"10":1,"11":1,"12":1,"13":2,"14":2,"15":1,"16":1,"17":1,"18":9,"19":0,"20":9,"21":9,"22":9,"23":9,"24":9,"25":9,"26":6,"27":6,"28":5,"29":6,"30":6,"31":1,"32":5,"33":6,"34":6,"35":6,"36":0,"37":1,"38":1,"39":0,"40":0,"41":1,"42":1,"43":1,"44":0,"45":0,"46":1,"47":1,"48":0,"49":1,"50":1,"51":0,"52":1,"53":2,"54":14,"55":14,"56":1,"57":1,"58":14,"59":4,"60":4,"61":14,"62":14,"63":13,"64":13,"65":13,"66":5,"67":0,"68":5,"69":5,"70":5,"71":5,"72":0,"73":13,"74":13,"75":0,"76":13,"77":2,"78":2,"79":1,"80":0,"81":13,"82":2,"83":2,"84":13,"85":1,"86":13,"87":4,"88":4,"89":4,"90":4,"91":4,"92":4,"93":4,"94":4,"95":4,"96":4,"97":4,"98":4,"99":4,"100":1},"f":{"0":14,"1":7,"2":0,"3":1,"4":2,"5":1,"6":1,"7":2,"8":9,"9":6,"10":1,"11":1,"12":1,"13":14,"14":1,"15":4,"16":13,"17":5,"18":2,"19":2,"20":1,"21":4},"b":{"0":[2,1],"1":[0,1],"2":[1,0],"3":[1,1],"4":[2,1],"5":[0,1],"6":[0,9],"7":[5,1],"8":[1,5],"9":[0,1],"10":[1,0],"11":[1,0],"12":[0,1],"13":[1,0],"14":[0,5],"15":[0,13],"16":[1,1],"17":[4,0],"18":[4,0],"19":[4,0]},"meta":{"lastBranch":20,"lastFunction":22,"lastStatement":101,"seen":{"f:35:4:35:16":0,"s:30:4:30:Infinity":0,"s:31:4:31:Infinity":1,"s:32:4:32:Infinity":2,"s:36:8:36:Infinity":3,"f:39:11:39:24":1,"s:40:8:40:Infinity":4,"f:43:11:43:19":2,"s:44:8:44:Infinity":5,"f:47:11:47:34":3,"s:48:8:48:Infinity":6,"f:54:11:54:20":4,"s:55:19:55:Infinity":7,"s:56:8:56:Infinity":8,"b:56:15:56:35:56:35:56:Infinity":0,"f:62:11:62:21":5,"s:63:23:63:Infinity":9,"b:63:53:63:76:63:76:63:Infinity":1,"s:64:8:68:Infinity":10,"f:64:34:64:40":6,"b:65:12:67:Infinity:undefined:undefined:undefined:undefined":2,"s:65:12:67:Infinity":11,"s:66:16:66:Infinity":12,"f:74:11:74:22":7,"s:75:19:75:Infinity":13,"b:76:8:81:Infinity:79:15:81:Infinity":3,"s:76:8:81:Infinity":14,"b:76:12:76:18:76:18:76:44":4,"s:77:27:77:Infinity":15,"b:77:57:77:80:77:80:77:Infinity":5,"s:78:12:78:Infinity":16,"s:80:12:80:Infinity":17,"f:87:17:87:36":8,"b:88:8:88:Infinity:undefined:undefined:undefined:undefined":6,"s:88:8:88:Infinity":18,"s:88:36:88:Infinity":19,"s:90:19:90:Infinity":20,"s:91:19:91:Infinity":21,"s:92:8:92:Infinity":22,"s:94:22:94:Infinity":23,"s:95:8:95:Infinity":24,"s:96:8:96:Infinity":25,"f:102:17:102:29":9,"s:103:17:103:Infinity":26,"b:104:8:104:Infinity:undefined:undefined:undefined:undefined":7,"s:104:8:104:Infinity":27,"s:104:17:104:Infinity":28,"s:106:8:121:Infinity":29,"b:107:12:115:Infinity:113:19:115:Infinity":8,"s:107:12:115:Infinity":30,"s:109:16:112:Infinity":31,"s:114:16:114:Infinity":32,"s:116:27:116:Infinity":33,"s:117:12:117:Infinity":34,"s:118:12:118:Infinity":35,"s:120:12:120:Infinity":36,"f:127:17:127:30":10,"s:128:19:128:Infinity":37,"b:129:8:132:Infinity:undefined:undefined:undefined:undefined":9,"s:129:8:132:Infinity":38,"s:130:12:130:Infinity":39,"s:131:12:131:Infinity":40,"s:133:8:141:Infinity":41,"b:134:12:138:Infinity:136:19:138:Infinity":10,"s:134:12:138:Infinity":42,"b:134:16:134:60:134:60:134:105":11,"s:135:16:135:Infinity":43,"s:137:16:137:Infinity":44,"s:140:12:140:Infinity":45,"f:147:17:147:33":11,"s:148:19:148:Infinity":46,"b:149:8:149:Infinity:undefined:undefined:undefined:undefined":12,"s:149:8:149:Infinity":47,"s:149:17:149:Infinity":48,"s:150:8:154:Infinity":49,"s:151:12:151:Infinity":50,"s:153:12:153:Infinity":51,"f:160:11:160:22":12,"s:161:8:163:Infinity":52,"s:162:12:162:Infinity":53,"f:166:12:166:33":13,"s:167:19:169:Infinity":54,"s:171:8:175:Infinity":55,"f:171:28:171:29":14,"b:172:12:174:Infinity:undefined:undefined:undefined:undefined":13,"s:172:12:174:Infinity":56,"s:173:16:173:Infinity":57,"s:177:8:180:Infinity":58,"f:177:27:177:28":15,"s:178:12:178:Infinity":59,"s:179:12:179:Infinity":60,"s:182:8:182:Infinity":61,"s:183:8:183:Infinity":62,"f:186:12:186:29":16,"s:187:8:187:Infinity":63,"s:189:28:189:Infinity":64,"s:190:23:199:Infinity":65,"f:190:23:190:29":17,"b:191:12:191:Infinity:undefined:undefined:undefined:undefined":14,"s:191:12:191:Infinity":66,"s:191:31:191:Infinity":67,"s:192:12:192:Infinity":68,"s:193:12:193:Infinity":69,"s:194:12:198:Infinity":70,"s:195:16:195:Infinity":71,"s:197:16:197:Infinity":72,"s:201:8:201:Infinity":73,"b:202:8:204:Infinity:undefined:undefined:undefined:undefined":15,"s:202:8:204:Infinity":74,"s:203:12:203:Infinity":75,"s:206:8:214:Infinity":76,"f:206:23:206:24":18,"s:207:12:213:Infinity":77,"b:208:16:210:Infinity:undefined:undefined:undefined:undefined":16,"s:208:16:210:Infinity":78,"s:209:20:209:Infinity":79,"s:212:16:212:Infinity":80,"s:216:8:219:Infinity":81,"f:216:21:216:27":19,"s:217:12:217:Infinity":82,"s:218:12:218:Infinity":83,"s:221:8:223:Infinity":84,"f:221:21:221:22":20,"s:222:12:222:Infinity":85,"s:225:8:225:Infinity":86,"f:228:12:228:24":21,"s:229:22:229:Infinity":87,"s:231:19:231:Infinity":88,"b:232:8:238:Infinity:undefined:undefined:undefined:undefined":17,"s:232:8:238:Infinity":89,"s:233:12:235:Infinity":90,"s:234:16:234:Infinity":91,"s:236:12:236:Infinity":92,"s:237:12:237:Infinity":93,"b:240:8:243:Infinity:undefined:undefined:undefined:undefined":18,"s:240:8:243:Infinity":94,"s:241:12:241:Infinity":95,"s:242:12:242:Infinity":96,"b:245:8:251:Infinity:undefined:undefined:undefined:undefined":19,"s:245:8:251:Infinity":97,"s:246:12:250:Infinity":98,"s:247:16:247:Infinity":99,"s:249:16:249:Infinity":100}}}
,"/Users/kevin/projects/nmeshed/sdks/javascript/src/mesh/MeshClient.ts": {"path":"/Users/kevin/projects/nmeshed/sdks/javascript/src/mesh/MeshClient.ts","statementMap":{"0":{"start":{"line":49,"column":92},"end":{"line":54,"column":null}},"1":{"start":{"line":63,"column":4},"end":{"line":63,"column":null}},"2":{"start":{"line":65,"column":4},"end":{"line":65,"column":null}},"3":{"start":{"line":68,"column":4},"end":{"line":68,"column":null}},"4":{"start":{"line":71,"column":8},"end":{"line":73,"column":null}},"5":{"start":{"line":72,"column":12},"end":{"line":72,"column":null}},"6":{"start":{"line":75,"column":8},"end":{"line":79,"column":null}},"7":{"start":{"line":81,"column":8},"end":{"line":83,"column":null}},"8":{"start":{"line":82,"column":12},"end":{"line":82,"column":null}},"9":{"start":{"line":85,"column":8},"end":{"line":85,"column":null}},"10":{"start":{"line":89,"column":24},"end":{"line":91,"column":null}},"11":{"start":{"line":93,"column":8},"end":{"line":99,"column":null}},"12":{"start":{"line":102,"column":8},"end":{"line":104,"column":null}},"13":{"start":{"line":106,"column":8},"end":{"line":106,"column":null}},"14":{"start":{"line":113,"column":8},"end":{"line":113,"column":null}},"15":{"start":{"line":114,"column":8},"end":{"line":114,"column":null}},"16":{"start":{"line":121,"column":8},"end":{"line":123,"column":null}},"17":{"start":{"line":122,"column":12},"end":{"line":122,"column":null}},"18":{"start":{"line":125,"column":8},"end":{"line":125,"column":null}},"19":{"start":{"line":126,"column":8},"end":{"line":126,"column":null}},"20":{"start":{"line":133,"column":8},"end":{"line":133,"column":null}},"21":{"start":{"line":134,"column":8},"end":{"line":134,"column":null}},"22":{"start":{"line":135,"column":8},"end":{"line":135,"column":null}},"23":{"start":{"line":136,"column":8},"end":{"line":136,"column":null}},"24":{"start":{"line":144,"column":19},"end":{"line":144,"column":null}},"25":{"start":{"line":148,"column":8},"end":{"line":152,"column":null}},"26":{"start":{"line":149,"column":12},"end":{"line":151,"column":null}},"27":{"start":{"line":150,"column":16},"end":{"line":150,"column":null}},"28":{"start":{"line":155,"column":8},"end":{"line":155,"column":null}},"29":{"start":{"line":164,"column":19},"end":{"line":164,"column":null}},"30":{"start":{"line":165,"column":23},"end":{"line":165,"column":null}},"31":{"start":{"line":169,"column":8},"end":{"line":173,"column":null}},"32":{"start":{"line":170,"column":12},"end":{"line":170,"column":null}},"33":{"start":{"line":172,"column":12},"end":{"line":172,"column":null}},"34":{"start":{"line":180,"column":8},"end":{"line":180,"column":null}},"35":{"start":{"line":188,"column":8},"end":{"line":188,"column":null}},"36":{"start":{"line":195,"column":8},"end":{"line":195,"column":null}},"37":{"start":{"line":202,"column":8},"end":{"line":202,"column":null}},"38":{"start":{"line":209,"column":8},"end":{"line":209,"column":null}},"39":{"start":{"line":216,"column":8},"end":{"line":218,"column":null}},"40":{"start":{"line":217,"column":12},"end":{"line":217,"column":null}},"41":{"start":{"line":219,"column":8},"end":{"line":219,"column":null}},"42":{"start":{"line":222,"column":8},"end":{"line":224,"column":null}},"43":{"start":{"line":223,"column":12},"end":{"line":223,"column":null}},"44":{"start":{"line":231,"column":8},"end":{"line":231,"column":null}},"45":{"start":{"line":236,"column":8},"end":{"line":252,"column":null}},"46":{"start":{"line":238,"column":16},"end":{"line":238,"column":null}},"47":{"start":{"line":239,"column":16},"end":{"line":239,"column":null}},"48":{"start":{"line":242,"column":16},"end":{"line":244,"column":null}},"49":{"start":{"line":243,"column":20},"end":{"line":243,"column":null}},"50":{"start":{"line":246,"column":36},"end":{"line":246,"column":null}},"51":{"start":{"line":247,"column":52},"end":{"line":247,"column":null}},"52":{"start":{"line":248,"column":30},"end":{"line":248,"column":null}},"53":{"start":{"line":249,"column":39},"end":{"line":249,"column":null}},"54":{"start":{"line":250,"column":30},"end":{"line":250,"column":null}},"55":{"start":{"line":251,"column":38},"end":{"line":251,"column":null}},"56":{"start":{"line":255,"column":8},"end":{"line":267,"column":null}},"57":{"start":{"line":256,"column":38},"end":{"line":256,"column":null}},"58":{"start":{"line":257,"column":41},"end":{"line":257,"column":null}},"59":{"start":{"line":259,"column":16},"end":{"line":259,"column":null}},"60":{"start":{"line":260,"column":16},"end":{"line":260,"column":null}},"61":{"start":{"line":261,"column":16},"end":{"line":261,"column":null}},"62":{"start":{"line":264,"column":16},"end":{"line":264,"column":null}},"63":{"start":{"line":265,"column":16},"end":{"line":265,"column":null}},"64":{"start":{"line":271,"column":33},"end":{"line":271,"column":null}},"65":{"start":{"line":272,"column":8},"end":{"line":272,"column":null}},"66":{"start":{"line":272,"column":32},"end":{"line":272,"column":null}},"67":{"start":{"line":274,"column":8},"end":{"line":274,"column":null}},"68":{"start":{"line":276,"column":8},"end":{"line":301,"column":null}},"69":{"start":{"line":279,"column":16},"end":{"line":281,"column":null}},"70":{"start":{"line":280,"column":20},"end":{"line":280,"column":null}},"71":{"start":{"line":282,"column":16},"end":{"line":282,"column":null}},"72":{"start":{"line":284,"column":16},"end":{"line":284,"column":null}},"73":{"start":{"line":285,"column":16},"end":{"line":285,"column":null}},"74":{"start":{"line":287,"column":16},"end":{"line":287,"column":null}},"75":{"start":{"line":288,"column":16},"end":{"line":288,"column":null}},"76":{"start":{"line":290,"column":16},"end":{"line":290,"column":null}},"77":{"start":{"line":291,"column":16},"end":{"line":291,"column":null}},"78":{"start":{"line":295,"column":37},"end":{"line":298,"column":null}},"79":{"start":{"line":299,"column":16},"end":{"line":299,"column":null}},"80":{"start":{"line":300,"column":16},"end":{"line":300,"column":null}},"81":{"start":{"line":305,"column":8},"end":{"line":305,"column":null}},"82":{"start":{"line":307,"column":23},"end":{"line":307,"column":null}},"83":{"start":{"line":308,"column":8},"end":{"line":325,"column":null}},"84":{"start":{"line":309,"column":12},"end":{"line":324,"column":null}},"85":{"start":{"line":311,"column":16},"end":{"line":315,"column":null}},"86":{"start":{"line":312,"column":20},"end":{"line":312,"column":null}},"87":{"start":{"line":313,"column":20},"end":{"line":313,"column":null}},"88":{"start":{"line":314,"column":20},"end":{"line":314,"column":null}},"89":{"start":{"line":318,"column":16},"end":{"line":320,"column":null}},"90":{"start":{"line":319,"column":20},"end":{"line":319,"column":null}},"91":{"start":{"line":321,"column":12},"end":{"line":324,"column":null}},"92":{"start":{"line":322,"column":16},"end":{"line":322,"column":null}},"93":{"start":{"line":323,"column":16},"end":{"line":323,"column":null}},"94":{"start":{"line":329,"column":8},"end":{"line":333,"column":null}},"95":{"start":{"line":330,"column":12},"end":{"line":330,"column":null}},"96":{"start":{"line":331,"column":12},"end":{"line":331,"column":null}},"97":{"start":{"line":332,"column":12},"end":{"line":332,"column":null}},"98":{"start":{"line":337,"column":26},"end":{"line":337,"column":null}},"99":{"start":{"line":338,"column":8},"end":{"line":346,"column":null}},"100":{"start":{"line":339,"column":12},"end":{"line":345,"column":null}},"101":{"start":{"line":340,"column":16},"end":{"line":344,"column":null}},"102":{"start":{"line":341,"column":21},"end":{"line":341,"column":null}},"103":{"start":{"line":343,"column":20},"end":{"line":343,"column":null}},"104":{"start":{"line":353,"column":8},"end":{"line":353,"column":null}},"105":{"start":{"line":354,"column":8},"end":{"line":354,"column":null}},"106":{"start":{"line":355,"column":8},"end":{"line":355,"column":null}},"107":{"start":{"line":356,"column":8},"end":{"line":356,"column":null}},"108":{"start":{"line":357,"column":8},"end":{"line":357,"column":null}},"109":{"start":{"line":358,"column":8},"end":{"line":358,"column":null}},"110":{"start":{"line":362,"column":8},"end":{"line":364,"column":null}},"111":{"start":{"line":363,"column":12},"end":{"line":363,"column":null}},"112":{"start":{"line":365,"column":8},"end":{"line":365,"column":null}}},"fnMap":{"0":{"name":"(anonymous_0)","decl":{"start":{"line":70,"column":4},"end":{"line":70,"column":16}},"loc":{"start":{"line":70,"column":42},"end":{"line":107,"column":null}},"line":70},"1":{"name":"(anonymous_1)","decl":{"start":{"line":112,"column":11},"end":{"line":112,"column":23}},"loc":{"start":{"line":112,"column":44},"end":{"line":115,"column":null}},"line":112},"2":{"name":"(anonymous_2)","decl":{"start":{"line":120,"column":17},"end":{"line":120,"column":42}},"loc":{"start":{"line":120,"column":42},"end":{"line":127,"column":null}},"line":120},"3":{"name":"(anonymous_3)","decl":{"start":{"line":132,"column":11},"end":{"line":132,"column":30}},"loc":{"start":{"line":132,"column":30},"end":{"line":137,"column":null}},"line":132},"4":{"name":"(anonymous_4)","decl":{"start":{"line":143,"column":11},"end":{"line":143,"column":21}},"loc":{"start":{"line":143,"column":59},"end":{"line":156,"column":null}},"line":143},"5":{"name":"(anonymous_5)","decl":{"start":{"line":148,"column":32},"end":{"line":148,"column":33}},"loc":{"start":{"line":148,"column":52},"end":{"line":152,"column":9}},"line":148},"6":{"name":"(anonymous_6)","decl":{"start":{"line":163,"column":11},"end":{"line":163,"column":22}},"loc":{"start":{"line":163,"column":76},"end":{"line":174,"column":null}},"line":163},"7":{"name":"(anonymous_7)","decl":{"start":{"line":179,"column":11},"end":{"line":179,"column":27}},"loc":{"start":{"line":179,"column":51},"end":{"line":181,"column":null}},"line":179},"8":{"name":"(anonymous_8)","decl":{"start":{"line":187,"column":11},"end":{"line":187,"column":25}},"loc":{"start":{"line":187,"column":58},"end":{"line":189,"column":null}},"line":187},"9":{"name":"(anonymous_9)","decl":{"start":{"line":194,"column":11},"end":{"line":194,"column":32}},"loc":{"start":{"line":194,"column":32},"end":{"line":196,"column":null}},"line":194},"10":{"name":"(anonymous_10)","decl":{"start":{"line":201,"column":11},"end":{"line":201,"column":45}},"loc":{"start":{"line":201,"column":45},"end":{"line":203,"column":null}},"line":201},"11":{"name":"(anonymous_11)","decl":{"start":{"line":208,"column":11},"end":{"line":208,"column":27}},"loc":{"start":{"line":208,"column":27},"end":{"line":210,"column":null}},"line":208},"12":{"name":"(anonymous_12)","decl":{"start":{"line":215,"column":11},"end":{"line":215,"column":44}},"loc":{"start":{"line":215,"column":92},"end":{"line":225,"column":null}},"line":215},"13":{"name":"(anonymous_13)","decl":{"start":{"line":222,"column":15},"end":{"line":222,"column":21}},"loc":{"start":{"line":222,"column":21},"end":{"line":224,"column":null}},"line":222},"14":{"name":"(anonymous_14)","decl":{"start":{"line":230,"column":11},"end":{"line":230,"column":45}},"loc":{"start":{"line":230,"column":87},"end":{"line":232,"column":null}},"line":230},"15":{"name":"(anonymous_15)","decl":{"start":{"line":234,"column":12},"end":{"line":234,"column":35}},"loc":{"start":{"line":234,"column":35},"end":{"line":268,"column":null}},"line":234},"16":{"name":"(anonymous_16)","decl":{"start":{"line":237,"column":23},"end":{"line":237,"column":29}},"loc":{"start":{"line":237,"column":29},"end":{"line":240,"column":null}},"line":237},"17":{"name":"(anonymous_17)","decl":{"start":{"line":241,"column":26},"end":{"line":241,"column":32}},"loc":{"start":{"line":241,"column":32},"end":{"line":245,"column":null}},"line":241},"18":{"name":"(anonymous_18)","decl":{"start":{"line":246,"column":22},"end":{"line":246,"column":23}},"loc":{"start":{"line":246,"column":36},"end":{"line":246,"column":null}},"line":246},"19":{"name":"(anonymous_19)","decl":{"start":{"line":247,"column":24},"end":{"line":247,"column":25}},"loc":{"start":{"line":247,"column":52},"end":{"line":247,"column":null}},"line":247},"20":{"name":"(anonymous_20)","decl":{"start":{"line":248,"column":21},"end":{"line":248,"column":22}},"loc":{"start":{"line":248,"column":30},"end":{"line":248,"column":null}},"line":248},"21":{"name":"(anonymous_21)","decl":{"start":{"line":249,"column":29},"end":{"line":249,"column":30}},"loc":{"start":{"line":249,"column":39},"end":{"line":249,"column":null}},"line":249},"22":{"name":"(anonymous_22)","decl":{"start":{"line":250,"column":20},"end":{"line":250,"column":21}},"loc":{"start":{"line":250,"column":30},"end":{"line":250,"column":null}},"line":250},"23":{"name":"(anonymous_23)","decl":{"start":{"line":251,"column":25},"end":{"line":251,"column":26}},"loc":{"start":{"line":251,"column":38},"end":{"line":251,"column":null}},"line":251},"24":{"name":"(anonymous_24)","decl":{"start":{"line":256,"column":22},"end":{"line":256,"column":23}},"loc":{"start":{"line":256,"column":38},"end":{"line":256,"column":null}},"line":256},"25":{"name":"(anonymous_25)","decl":{"start":{"line":257,"column":23},"end":{"line":257,"column":24}},"loc":{"start":{"line":257,"column":41},"end":{"line":257,"column":null}},"line":257},"26":{"name":"(anonymous_26)","decl":{"start":{"line":258,"column":24},"end":{"line":258,"column":25}},"loc":{"start":{"line":258,"column":36},"end":{"line":262,"column":null}},"line":258},"27":{"name":"(anonymous_27)","decl":{"start":{"line":263,"column":30},"end":{"line":263,"column":31}},"loc":{"start":{"line":263,"column":42},"end":{"line":266,"column":null}},"line":263},"28":{"name":"(anonymous_28)","decl":{"start":{"line":270,"column":12},"end":{"line":270,"column":25}},"loc":{"start":{"line":270,"column":57},"end":{"line":302,"column":null}},"line":270},"29":{"name":"(anonymous_29)","decl":{"start":{"line":304,"column":12},"end":{"line":304,"column":27}},"loc":{"start":{"line":304,"column":82},"end":{"line":326,"column":null}},"line":304},"30":{"name":"(anonymous_30)","decl":{"start":{"line":328,"column":12},"end":{"line":328,"column":22}},"loc":{"start":{"line":328,"column":61},"end":{"line":334,"column":null}},"line":328},"31":{"name":"(anonymous_31)","decl":{"start":{"line":336,"column":12},"end":{"line":336,"column":47}},"loc":{"start":{"line":336,"column":101},"end":{"line":347,"column":null}},"line":336},"32":{"name":"(anonymous_32)","decl":{"start":{"line":352,"column":11},"end":{"line":352,"column":27}},"loc":{"start":{"line":352,"column":27},"end":{"line":359,"column":null}},"line":352},"33":{"name":"(anonymous_33)","decl":{"start":{"line":361,"column":12},"end":{"line":361,"column":33}},"loc":{"start":{"line":361,"column":33},"end":{"line":366,"column":null}},"line":361}},"branchMap":{"0":{"loc":{"start":{"line":71,"column":8},"end":{"line":73,"column":null}},"type":"if","locations":[{"start":{"line":71,"column":8},"end":{"line":73,"column":null}},{"start":{},"end":{}}],"line":71},"1":{"loc":{"start":{"line":71,"column":12},"end":{"line":71,"column":77}},"type":"binary-expr","locations":[{"start":{"line":71,"column":12},"end":{"line":71,"column":36}},{"start":{"line":71,"column":36},"end":{"line":71,"column":53}},{"start":{"line":71,"column":53},"end":{"line":71,"column":77}}],"line":71},"2":{"loc":{"start":{"line":78,"column":24},"end":{"line":78,"column":null}},"type":"binary-expr","locations":[{"start":{"line":78,"column":24},"end":{"line":78,"column":45}},{"start":{"line":78,"column":45},"end":{"line":78,"column":null}}],"line":78},"3":{"loc":{"start":{"line":81,"column":8},"end":{"line":83,"column":null}},"type":"if","locations":[{"start":{"line":81,"column":8},"end":{"line":83,"column":null}},{"start":{},"end":{}}],"line":81},"4":{"loc":{"start":{"line":89,"column":24},"end":{"line":91,"column":null}},"type":"cond-expr","locations":[{"start":{"line":90,"column":14},"end":{"line":90,"column":null}},{"start":{"line":91,"column":14},"end":{"line":91,"column":null}}],"line":89},"5":{"loc":{"start":{"line":121,"column":8},"end":{"line":123,"column":null}},"type":"if","locations":[{"start":{"line":121,"column":8},"end":{"line":123,"column":null}},{"start":{},"end":{}}],"line":121},"6":{"loc":{"start":{"line":121,"column":12},"end":{"line":121,"column":73}},"type":"binary-expr","locations":[{"start":{"line":121,"column":12},"end":{"line":121,"column":43}},{"start":{"line":121,"column":43},"end":{"line":121,"column":73}}],"line":121},"7":{"loc":{"start":{"line":144,"column":19},"end":{"line":144,"column":null}},"type":"cond-expr","locations":[{"start":{"line":144,"column":49},"end":{"line":144,"column":72}},{"start":{"line":144,"column":72},"end":{"line":144,"column":null}}],"line":144},"8":{"loc":{"start":{"line":149,"column":12},"end":{"line":151,"column":null}},"type":"if","locations":[{"start":{"line":149,"column":12},"end":{"line":151,"column":null}},{"start":{},"end":{}}],"line":149},"9":{"loc":{"start":{"line":164,"column":19},"end":{"line":164,"column":null}},"type":"cond-expr","locations":[{"start":{"line":164,"column":49},"end":{"line":164,"column":72}},{"start":{"line":164,"column":72},"end":{"line":164,"column":null}}],"line":164},"10":{"loc":{"start":{"line":169,"column":8},"end":{"line":173,"column":null}},"type":"if","locations":[{"start":{"line":169,"column":8},"end":{"line":173,"column":null}},{"start":{"line":171,"column":15},"end":{"line":173,"column":null}}],"line":169},"11":{"loc":{"start":{"line":169,"column":12},"end":{"line":169,"column":67}},"type":"binary-expr","locations":[{"start":{"line":169,"column":12},"end":{"line":169,"column":32}},{"start":{"line":169,"column":32},"end":{"line":169,"column":67}}],"line":169},"12":{"loc":{"start":{"line":216,"column":8},"end":{"line":218,"column":null}},"type":"if","locations":[{"start":{"line":216,"column":8},"end":{"line":218,"column":null}},{"start":{},"end":{}}],"line":216},"13":{"loc":{"start":{"line":242,"column":16},"end":{"line":244,"column":null}},"type":"if","locations":[{"start":{"line":242,"column":16},"end":{"line":244,"column":null}},{"start":{},"end":{}}],"line":242},"14":{"loc":{"start":{"line":272,"column":8},"end":{"line":272,"column":null}},"type":"if","locations":[{"start":{"line":272,"column":8},"end":{"line":272,"column":null}},{"start":{},"end":{}}],"line":272},"15":{"loc":{"start":{"line":276,"column":8},"end":{"line":301,"column":null}},"type":"switch","locations":[{"start":{"line":277,"column":12},"end":{"line":282,"column":null}},{"start":{"line":283,"column":12},"end":{"line":285,"column":null}},{"start":{"line":286,"column":12},"end":{"line":288,"column":null}},{"start":{"line":289,"column":12},"end":{"line":291,"column":null}},{"start":{"line":292,"column":12},"end":{"line":300,"column":null}}],"line":276},"16":{"loc":{"start":{"line":279,"column":16},"end":{"line":281,"column":null}},"type":"if","locations":[{"start":{"line":279,"column":16},"end":{"line":281,"column":null}},{"start":{},"end":{}}],"line":279},"17":{"loc":{"start":{"line":307,"column":23},"end":{"line":307,"column":null}},"type":"binary-expr","locations":[{"start":{"line":307,"column":23},"end":{"line":307,"column":33}},{"start":{"line":307,"column":33},"end":{"line":307,"column":null}}],"line":307},"18":{"loc":{"start":{"line":308,"column":8},"end":{"line":325,"column":null}},"type":"if","locations":[{"start":{"line":308,"column":8},"end":{"line":325,"column":null}},{"start":{},"end":{}}],"line":308},"19":{"loc":{"start":{"line":309,"column":12},"end":{"line":324,"column":null}},"type":"if","locations":[{"start":{"line":309,"column":12},"end":{"line":324,"column":null}},{"start":{"line":321,"column":12},"end":{"line":324,"column":null}}],"line":309},"20":{"loc":{"start":{"line":311,"column":16},"end":{"line":315,"column":null}},"type":"if","locations":[{"start":{"line":311,"column":16},"end":{"line":315,"column":null}},{"start":{},"end":{}}],"line":311},"21":{"loc":{"start":{"line":318,"column":16},"end":{"line":320,"column":null}},"type":"if","locations":[{"start":{"line":318,"column":16},"end":{"line":320,"column":null}},{"start":{},"end":{}}],"line":318},"22":{"loc":{"start":{"line":318,"column":20},"end":{"line":318,"column":75}},"type":"binary-expr","locations":[{"start":{"line":318,"column":20},"end":{"line":318,"column":42}},{"start":{"line":318,"column":42},"end":{"line":318,"column":75}}],"line":318},"23":{"loc":{"start":{"line":321,"column":12},"end":{"line":324,"column":null}},"type":"if","locations":[{"start":{"line":321,"column":12},"end":{"line":324,"column":null}},{"start":{},"end":{}}],"line":321},"24":{"loc":{"start":{"line":329,"column":8},"end":{"line":333,"column":null}},"type":"if","locations":[{"start":{"line":329,"column":8},"end":{"line":333,"column":null}},{"start":{},"end":{}}],"line":329},"25":{"loc":{"start":{"line":338,"column":8},"end":{"line":346,"column":null}},"type":"if","locations":[{"start":{"line":338,"column":8},"end":{"line":346,"column":null}},{"start":{},"end":{}}],"line":338},"26":{"loc":{"start":{"line":362,"column":8},"end":{"line":364,"column":null}},"type":"if","locations":[{"start":{"line":362,"column":8},"end":{"line":364,"column":null}},{"start":{},"end":{}}],"line":362},"27":{"loc":{"start":{"line":362,"column":12},"end":{"line":362,"column":64}},"type":"binary-expr","locations":[{"start":{"line":362,"column":12},"end":{"line":362,"column":45}},{"start":{"line":362,"column":45},"end":{"line":362,"column":64}}],"line":362}},"s":{"0":1,"1":21,"2":21,"3":21,"4":21,"5":2,"6":19,"7":21,"8":0,"9":19,"10":19,"11":21,"12":21,"13":21,"14":0,"15":0,"16":1,"17":0,"18":1,"19":1,"20":0,"21":0,"22":0,"23":0,"24":1,"25":1,"26":2,"27":1,"28":1,"29":2,"30":2,"31":2,"32":1,"33":1,"34":0,"35":0,"36":0,"37":2,"38":0,"39":10,"40":10,"41":10,"42":10,"43":0,"44":1,"45":19,"46":1,"47":1,"48":0,"49":0,"50":5,"51":8,"52":0,"53":1,"54":0,"55":1,"56":19,"57":0,"58":0,"59":3,"60":3,"61":3,"62":0,"63":0,"64":5,"65":5,"66":0,"67":5,"68":5,"69":1,"70":1,"71":1,"72":1,"73":1,"74":1,"75":1,"76":1,"77":1,"78":1,"79":1,"80":1,"81":8,"82":8,"83":8,"84":8,"85":7,"86":7,"87":7,"88":7,"89":7,"90":0,"91":1,"92":1,"93":1,"94":3,"95":3,"96":3,"97":3,"98":28,"99":28,"100":11,"101":10,"102":10,"103":1,"104":1,"105":1,"106":1,"107":1,"108":1,"109":1,"110":19,"111":19,"112":0},"f":{"0":21,"1":0,"2":1,"3":0,"4":1,"5":2,"6":2,"7":0,"8":0,"9":0,"10":2,"11":0,"12":10,"13":0,"14":1,"15":19,"16":1,"17":0,"18":5,"19":8,"20":0,"21":1,"22":0,"23":1,"24":0,"25":0,"26":3,"27":0,"28":5,"29":8,"30":3,"31":28,"32":1,"33":19},"b":{"0":[2,19],"1":[21,20,1],"2":[19,19],"3":[0,21],"4":[0,19],"5":[0,1],"6":[1,1],"7":[0,1],"8":[1,1],"9":[0,2],"10":[1,1],"11":[2,1],"12":[10,0],"13":[0,0],"14":[0,5],"15":[1,1,1,1,1],"16":[1,0],"17":[8,2],"18":[8,0],"19":[7,1],"20":[7,0],"21":[0,7],"22":[7,0],"23":[1,0],"24":[3,0],"25":[11,17],"26":[19,0],"27":[19,19]},"meta":{"lastBranch":28,"lastFunction":34,"lastStatement":113,"seen":{"s:49:92:54:Infinity":0,"f:70:4:70:16":0,"s:63:4:63:Infinity":1,"s:65:4:65:Infinity":2,"s:68:4:68:Infinity":3,"b:71:8:73:Infinity:undefined:undefined:undefined:undefined":0,"s:71:8:73:Infinity":4,"b:71:12:71:36:71:36:71:53:71:53:71:77":1,"s:72:12:72:Infinity":5,"s:75:8:79:Infinity":6,"b:78:24:78:45:78:45:78:Infinity":2,"b:81:8:83:Infinity:undefined:undefined:undefined:undefined":3,"s:81:8:83:Infinity":7,"s:82:12:82:Infinity":8,"s:85:8:85:Infinity":9,"s:89:24:91:Infinity":10,"b:90:14:90:Infinity:91:14:91:Infinity":4,"s:93:8:99:Infinity":11,"s:102:8:104:Infinity":12,"s:106:8:106:Infinity":13,"f:112:11:112:23":1,"s:113:8:113:Infinity":14,"s:114:8:114:Infinity":15,"f:120:17:120:42":2,"b:121:8:123:Infinity:undefined:undefined:undefined:undefined":5,"s:121:8:123:Infinity":16,"b:121:12:121:43:121:43:121:73":6,"s:122:12:122:Infinity":17,"s:125:8:125:Infinity":18,"s:126:8:126:Infinity":19,"f:132:11:132:30":3,"s:133:8:133:Infinity":20,"s:134:8:134:Infinity":21,"s:135:8:135:Infinity":22,"s:136:8:136:Infinity":23,"f:143:11:143:21":4,"s:144:19:144:Infinity":24,"b:144:49:144:72:144:72:144:Infinity":7,"s:148:8:152:Infinity":25,"f:148:32:148:33":5,"b:149:12:151:Infinity:undefined:undefined:undefined:undefined":8,"s:149:12:151:Infinity":26,"s:150:16:150:Infinity":27,"s:155:8:155:Infinity":28,"f:163:11:163:22":6,"s:164:19:164:Infinity":29,"b:164:49:164:72:164:72:164:Infinity":9,"s:165:23:165:Infinity":30,"b:169:8:173:Infinity:171:15:173:Infinity":10,"s:169:8:173:Infinity":31,"b:169:12:169:32:169:32:169:67":11,"s:170:12:170:Infinity":32,"s:172:12:172:Infinity":33,"f:179:11:179:27":7,"s:180:8:180:Infinity":34,"f:187:11:187:25":8,"s:188:8:188:Infinity":35,"f:194:11:194:32":9,"s:195:8:195:Infinity":36,"f:201:11:201:45":10,"s:202:8:202:Infinity":37,"f:208:11:208:27":11,"s:209:8:209:Infinity":38,"f:215:11:215:44":12,"b:216:8:218:Infinity:undefined:undefined:undefined:undefined":12,"s:216:8:218:Infinity":39,"s:217:12:217:Infinity":40,"s:219:8:219:Infinity":41,"s:222:8:224:Infinity":42,"f:222:15:222:21":13,"s:223:12:223:Infinity":43,"f:230:11:230:45":14,"s:231:8:231:Infinity":44,"f:234:12:234:35":15,"s:236:8:252:Infinity":45,"f:237:23:237:29":16,"s:238:16:238:Infinity":46,"s:239:16:239:Infinity":47,"f:241:26:241:32":17,"b:242:16:244:Infinity:undefined:undefined:undefined:undefined":13,"s:242:16:244:Infinity":48,"s:243:20:243:Infinity":49,"f:246:22:246:23":18,"s:246:36:246:Infinity":50,"f:247:24:247:25":19,"s:247:52:247:Infinity":51,"f:248:21:248:22":20,"s:248:30:248:Infinity":52,"f:249:29:249:30":21,"s:249:39:249:Infinity":53,"f:250:20:250:21":22,"s:250:30:250:Infinity":54,"f:251:25:251:26":23,"s:251:38:251:Infinity":55,"s:255:8:267:Infinity":56,"f:256:22:256:23":24,"s:256:38:256:Infinity":57,"f:257:23:257:24":25,"s:257:41:257:Infinity":58,"f:258:24:258:25":26,"s:259:16:259:Infinity":59,"s:260:16:260:Infinity":60,"s:261:16:261:Infinity":61,"f:263:30:263:31":27,"s:264:16:264:Infinity":62,"s:265:16:265:Infinity":63,"f:270:12:270:25":28,"s:271:33:271:Infinity":64,"b:272:8:272:Infinity:undefined:undefined:undefined:undefined":14,"s:272:8:272:Infinity":65,"s:272:32:272:Infinity":66,"s:274:8:274:Infinity":67,"b:277:12:282:Infinity:283:12:285:Infinity:286:12:288:Infinity:289:12:291:Infinity:292:12:300:Infinity":15,"s:276:8:301:Infinity":68,"b:279:16:281:Infinity:undefined:undefined:undefined:undefined":16,"s:279:16:281:Infinity":69,"s:280:20:280:Infinity":70,"s:282:16:282:Infinity":71,"s:284:16:284:Infinity":72,"s:285:16:285:Infinity":73,"s:287:16:287:Infinity":74,"s:288:16:288:Infinity":75,"s:290:16:290:Infinity":76,"s:291:16:291:Infinity":77,"s:295:37:298:Infinity":78,"s:299:16:299:Infinity":79,"s:300:16:300:Infinity":80,"f:304:12:304:27":29,"s:305:8:305:Infinity":81,"s:307:23:307:Infinity":82,"b:307:23:307:33:307:33:307:Infinity":17,"b:308:8:325:Infinity:undefined:undefined:undefined:undefined":18,"s:308:8:325:Infinity":83,"b:309:12:324:Infinity:321:12:324:Infinity":19,"s:309:12:324:Infinity":84,"b:311:16:315:Infinity:undefined:undefined:undefined:undefined":20,"s:311:16:315:Infinity":85,"s:312:20:312:Infinity":86,"s:313:20:313:Infinity":87,"s:314:20:314:Infinity":88,"b:318:16:320:Infinity:undefined:undefined:undefined:undefined":21,"s:318:16:320:Infinity":89,"b:318:20:318:42:318:42:318:75":22,"s:319:20:319:Infinity":90,"b:321:12:324:Infinity:undefined:undefined:undefined:undefined":23,"s:321:12:324:Infinity":91,"s:322:16:322:Infinity":92,"s:323:16:323:Infinity":93,"f:328:12:328:22":30,"b:329:8:333:Infinity:undefined:undefined:undefined:undefined":24,"s:329:8:333:Infinity":94,"s:330:12:330:Infinity":95,"s:331:12:331:Infinity":96,"s:332:12:332:Infinity":97,"f:336:12:336:47":31,"s:337:26:337:Infinity":98,"b:338:8:346:Infinity:undefined:undefined:undefined:undefined":25,"s:338:8:346:Infinity":99,"s:339:12:345:Infinity":100,"s:340:16:344:Infinity":101,"s:341:21:341:Infinity":102,"s:343:20:343:Infinity":103,"f:352:11:352:27":32,"s:353:8:353:Infinity":104,"s:354:8:354:Infinity":105,"s:355:8:355:Infinity":106,"s:356:8:356:Infinity":107,"s:357:8:357:Infinity":108,"s:358:8:358:Infinity":109,"f:361:12:361:33":33,"b:362:8:364:Infinity:undefined:undefined:undefined:undefined":26,"s:362:8:364:Infinity":110,"b:362:12:362:45:362:45:362:64":27,"s:363:12:363:Infinity":111,"s:365:8:365:Infinity":112}}}
,"/Users/kevin/projects/nmeshed/sdks/javascript/src/mesh/ProtocolUtils.ts": {"path":"/Users/kevin/projects/nmeshed/sdks/javascript/src/mesh/ProtocolUtils.ts","statementMap":{"0":{"start":{"line":15,"column":4},"end":{"line":15,"column":null}},"1":{"start":{"line":18,"column":24},"end":{"line":18,"column":null}},"2":{"start":{"line":19,"column":8},"end":{"line":19,"column":null}},"3":{"start":{"line":21,"column":25},"end":{"line":21,"column":null}},"4":{"start":{"line":22,"column":27},"end":{"line":22,"column":null}},"5":{"start":{"line":24,"column":23},"end":{"line":24,"column":null}},"6":{"start":{"line":25,"column":25},"end":{"line":25,"column":null}},"7":{"start":{"line":27,"column":8},"end":{"line":66,"column":null}},"8":{"start":{"line":29,"column":28},"end":{"line":29,"column":null}},"9":{"start":{"line":30,"column":16},"end":{"line":30,"column":null}},"10":{"start":{"line":31,"column":16},"end":{"line":31,"column":null}},"11":{"start":{"line":32,"column":16},"end":{"line":32,"column":null}},"12":{"start":{"line":33,"column":16},"end":{"line":33,"column":null}},"13":{"start":{"line":34,"column":16},"end":{"line":34,"column":null}},"14":{"start":{"line":36,"column":33},"end":{"line":36,"column":null}},"15":{"start":{"line":37,"column":16},"end":{"line":37,"column":null}},"16":{"start":{"line":38,"column":16},"end":{"line":38,"column":null}},"17":{"start":{"line":39,"column":16},"end":{"line":39,"column":null}},"18":{"start":{"line":40,"column":16},"end":{"line":40,"column":null}},"19":{"start":{"line":41,"column":16},"end":{"line":41,"column":null}},"20":{"start":{"line":43,"column":34},"end":{"line":43,"column":null}},"21":{"start":{"line":44,"column":16},"end":{"line":44,"column":null}},"22":{"start":{"line":45,"column":16},"end":{"line":45,"column":null}},"23":{"start":{"line":46,"column":16},"end":{"line":46,"column":null}},"24":{"start":{"line":47,"column":16},"end":{"line":47,"column":null}},"25":{"start":{"line":48,"column":16},"end":{"line":48,"column":null}},"26":{"start":{"line":50,"column":32},"end":{"line":50,"column":null}},"27":{"start":{"line":51,"column":31},"end":{"line":51,"column":null}},"28":{"start":{"line":52,"column":16},"end":{"line":52,"column":null}},"29":{"start":{"line":53,"column":16},"end":{"line":53,"column":null}},"30":{"start":{"line":54,"column":16},"end":{"line":54,"column":null}},"31":{"start":{"line":55,"column":16},"end":{"line":55,"column":null}},"32":{"start":{"line":56,"column":16},"end":{"line":56,"column":null}},"33":{"start":{"line":57,"column":16},"end":{"line":57,"column":null}},"34":{"start":{"line":58,"column":16},"end":{"line":58,"column":null}},"35":{"start":{"line":60,"column":34},"end":{"line":60,"column":null}},"36":{"start":{"line":61,"column":16},"end":{"line":61,"column":null}},"37":{"start":{"line":62,"column":16},"end":{"line":62,"column":null}},"38":{"start":{"line":63,"column":16},"end":{"line":63,"column":null}},"39":{"start":{"line":64,"column":16},"end":{"line":64,"column":null}},"40":{"start":{"line":65,"column":16},"end":{"line":65,"column":null}},"41":{"start":{"line":68,"column":8},"end":{"line":68,"column":null}},"42":{"start":{"line":69,"column":8},"end":{"line":69,"column":null}},"43":{"start":{"line":70,"column":8},"end":{"line":70,"column":null}},"44":{"start":{"line":71,"column":8},"end":{"line":71,"column":null}},"45":{"start":{"line":72,"column":8},"end":{"line":72,"column":null}},"46":{"start":{"line":73,"column":29},"end":{"line":73,"column":null}},"47":{"start":{"line":75,"column":8},"end":{"line":75,"column":null}},"48":{"start":{"line":76,"column":8},"end":{"line":76,"column":null}},"49":{"start":{"line":77,"column":8},"end":{"line":77,"column":null}},"50":{"start":{"line":78,"column":21},"end":{"line":78,"column":null}},"51":{"start":{"line":80,"column":8},"end":{"line":80,"column":null}},"52":{"start":{"line":81,"column":8},"end":{"line":81,"column":null}},"53":{"start":{"line":85,"column":24},"end":{"line":85,"column":null}},"54":{"start":{"line":86,"column":8},"end":{"line":86,"column":null}},"55":{"start":{"line":88,"column":30},"end":{"line":88,"column":null}},"56":{"start":{"line":90,"column":8},"end":{"line":90,"column":null}},"57":{"start":{"line":91,"column":8},"end":{"line":91,"column":null}},"58":{"start":{"line":92,"column":8},"end":{"line":92,"column":null}},"59":{"start":{"line":93,"column":21},"end":{"line":93,"column":null}},"60":{"start":{"line":95,"column":8},"end":{"line":95,"column":null}},"61":{"start":{"line":96,"column":8},"end":{"line":96,"column":null}}},"fnMap":{"0":{"name":"(anonymous_0)","decl":{"start":{"line":17,"column":18},"end":{"line":17,"column":37}},"loc":{"start":{"line":17,"column":98},"end":{"line":82,"column":null}},"line":17},"1":{"name":"(anonymous_1)","decl":{"start":{"line":84,"column":18},"end":{"line":84,"column":35}},"loc":{"start":{"line":84,"column":68},"end":{"line":97,"column":null}},"line":84}},"branchMap":{"0":{"loc":{"start":{"line":27,"column":8},"end":{"line":66,"column":null}},"type":"switch","locations":[{"start":{"line":28,"column":12},"end":{"line":34,"column":null}},{"start":{"line":35,"column":12},"end":{"line":41,"column":null}},{"start":{"line":42,"column":12},"end":{"line":48,"column":null}},{"start":{"line":49,"column":12},"end":{"line":58,"column":null}},{"start":{"line":59,"column":12},"end":{"line":65,"column":null}}],"line":27},"1":{"loc":{"start":{"line":51,"column":52},"end":{"line":51,"column":81}},"type":"binary-expr","locations":[{"start":{"line":51,"column":52},"end":{"line":51,"column":79}},{"start":{"line":51,"column":79},"end":{"line":51,"column":81}}],"line":51},"2":{"loc":{"start":{"line":55,"column":52},"end":{"line":55,"column":87}},"type":"binary-expr","locations":[{"start":{"line":55,"column":52},"end":{"line":55,"column":86}},{"start":{"line":55,"column":86},"end":{"line":55,"column":87}}],"line":55}},"s":{"0":2,"1":19,"2":19,"3":19,"4":19,"5":19,"6":19,"7":19,"8":14,"9":14,"10":14,"11":14,"12":14,"13":14,"14":3,"15":3,"16":3,"17":3,"18":3,"19":3,"20":0,"21":0,"22":0,"23":0,"24":0,"25":0,"26":1,"27":1,"28":1,"29":1,"30":1,"31":1,"32":1,"33":1,"34":1,"35":1,"36":1,"37":1,"38":1,"39":1,"40":1,"41":19,"42":19,"43":19,"44":19,"45":19,"46":19,"47":19,"48":19,"49":19,"50":19,"51":19,"52":19,"53":3,"54":3,"55":3,"56":3,"57":3,"58":3,"59":3,"60":3,"61":3},"f":{"0":2,"1":2},"b":{"0":[14,3,0,1,1],"1":[1,0],"2":[1,1]},"meta":{"lastBranch":3,"lastFunction":2,"lastStatement":62,"seen":{"s:15:4:15:Infinity":0,"f:17:18:17:37":0,"s:18:24:18:Infinity":1,"s:19:8:19:Infinity":2,"s:21:25:21:Infinity":3,"s:22:27:22:Infinity":4,"s:24:23:24:Infinity":5,"s:25:25:25:Infinity":6,"b:28:12:34:Infinity:35:12:41:Infinity:42:12:48:Infinity:49:12:58:Infinity:59:12:65:Infinity":0,"s:27:8:66:Infinity":7,"s:29:28:29:Infinity":8,"s:30:16:30:Infinity":9,"s:31:16:31:Infinity":10,"s:32:16:32:Infinity":11,"s:33:16:33:Infinity":12,"s:34:16:34:Infinity":13,"s:36:33:36:Infinity":14,"s:37:16:37:Infinity":15,"s:38:16:38:Infinity":16,"s:39:16:39:Infinity":17,"s:40:16:40:Infinity":18,"s:41:16:41:Infinity":19,"s:43:34:43:Infinity":20,"s:44:16:44:Infinity":21,"s:45:16:45:Infinity":22,"s:46:16:46:Infinity":23,"s:47:16:47:Infinity":24,"s:48:16:48:Infinity":25,"s:50:32:50:Infinity":26,"s:51:31:51:Infinity":27,"b:51:52:51:79:51:79:51:81":1,"s:52:16:52:Infinity":28,"s:53:16:53:Infinity":29,"s:54:16:54:Infinity":30,"s:55:16:55:Infinity":31,"b:55:52:55:86:55:86:55:87":2,"s:56:16:56:Infinity":32,"s:57:16:57:Infinity":33,"s:58:16:58:Infinity":34,"s:60:34:60:Infinity":35,"s:61:16:61:Infinity":36,"s:62:16:62:Infinity":37,"s:63:16:63:Infinity":38,"s:64:16:64:Infinity":39,"s:65:16:65:Infinity":40,"s:68:8:68:Infinity":41,"s:69:8:69:Infinity":42,"s:70:8:70:Infinity":43,"s:71:8:71:Infinity":44,"s:72:8:72:Infinity":45,"s:73:29:73:Infinity":46,"s:75:8:75:Infinity":47,"s:76:8:76:Infinity":48,"s:77:8:77:Infinity":49,"s:78:21:78:Infinity":50,"s:80:8:80:Infinity":51,"s:81:8:81:Infinity":52,"f:84:18:84:35":1,"s:85:24:85:Infinity":53,"s:86:8:86:Infinity":54,"s:88:30:88:Infinity":55,"s:90:8:90:Infinity":56,"s:91:8:91:Infinity":57,"s:92:8:92:Infinity":58,"s:93:21:93:Infinity":59,"s:95:8:95:Infinity":60,"s:96:8:96:Infinity":61}}}
,"/Users/kevin/projects/nmeshed/sdks/javascript/src/mesh/SignalingClient.ts": {"path":"/Users/kevin/projects/nmeshed/sdks/javascript/src/mesh/SignalingClient.ts","statementMap":{"0":{"start":{"line":37,"column":4},"end":{"line":37,"column":null}},"1":{"start":{"line":39,"column":4},"end":{"line":39,"column":null}},"2":{"start":{"line":42,"column":4},"end":{"line":42,"column":null}},"3":{"start":{"line":43,"column":4},"end":{"line":43,"column":null}},"4":{"start":{"line":44,"column":4},"end":{"line":44,"column":null}},"5":{"start":{"line":50,"column":8},"end":{"line":50,"column":null}},"6":{"start":{"line":45,"column":4},"end":{"line":45,"column":null}},"7":{"start":{"line":46,"column":4},"end":{"line":46,"column":null}},"8":{"start":{"line":47,"column":4},"end":{"line":47,"column":null}},"9":{"start":{"line":54,"column":8},"end":{"line":54,"column":null}},"10":{"start":{"line":58,"column":8},"end":{"line":58,"column":null}},"11":{"start":{"line":62,"column":8},"end":{"line":62,"column":null}},"12":{"start":{"line":66,"column":8},"end":{"line":66,"column":null}},"13":{"start":{"line":68,"column":8},"end":{"line":74,"column":null}},"14":{"start":{"line":69,"column":12},"end":{"line":73,"column":null}},"15":{"start":{"line":70,"column":16},"end":{"line":70,"column":null}},"16":{"start":{"line":72,"column":16},"end":{"line":72,"column":null}},"17":{"start":{"line":76,"column":18},"end":{"line":76,"column":null}},"18":{"start":{"line":78,"column":8},"end":{"line":81,"column":null}},"19":{"start":{"line":79,"column":30},"end":{"line":79,"column":null}},"20":{"start":{"line":80,"column":12},"end":{"line":80,"column":null}},"21":{"start":{"line":83,"column":8},"end":{"line":83,"column":null}},"22":{"start":{"line":85,"column":8},"end":{"line":95,"column":null}},"23":{"start":{"line":86,"column":12},"end":{"line":86,"column":null}},"24":{"start":{"line":87,"column":12},"end":{"line":87,"column":null}},"25":{"start":{"line":89,"column":12},"end":{"line":89,"column":null}},"26":{"start":{"line":90,"column":12},"end":{"line":90,"column":null}},"27":{"start":{"line":91,"column":12},"end":{"line":91,"column":null}},"28":{"start":{"line":92,"column":12},"end":{"line":92,"column":null}},"29":{"start":{"line":94,"column":12},"end":{"line":94,"column":null}},"30":{"start":{"line":99,"column":8},"end":{"line":99,"column":null}},"31":{"start":{"line":100,"column":8},"end":{"line":100,"column":null}},"32":{"start":{"line":101,"column":8},"end":{"line":101,"column":null}},"33":{"start":{"line":102,"column":8},"end":{"line":102,"column":null}},"34":{"start":{"line":106,"column":8},"end":{"line":106,"column":null}},"35":{"start":{"line":106,"column":29},"end":{"line":106,"column":null}},"36":{"start":{"line":108,"column":8},"end":{"line":113,"column":null}},"37":{"start":{"line":109,"column":26},"end":{"line":109,"column":null}},"38":{"start":{"line":110,"column":12},"end":{"line":110,"column":null}},"39":{"start":{"line":112,"column":12},"end":{"line":112,"column":null}},"40":{"start":{"line":117,"column":8},"end":{"line":117,"column":null}},"41":{"start":{"line":117,"column":29},"end":{"line":117,"column":null}},"42":{"start":{"line":119,"column":8},"end":{"line":124,"column":null}},"43":{"start":{"line":120,"column":26},"end":{"line":120,"column":null}},"44":{"start":{"line":121,"column":12},"end":{"line":121,"column":null}},"45":{"start":{"line":123,"column":12},"end":{"line":123,"column":null}},"46":{"start":{"line":128,"column":8},"end":{"line":128,"column":null}},"47":{"start":{"line":128,"column":29},"end":{"line":128,"column":null}},"48":{"start":{"line":129,"column":20},"end":{"line":129,"column":null}},"49":{"start":{"line":130,"column":8},"end":{"line":130,"column":null}},"50":{"start":{"line":134,"column":8},"end":{"line":137,"column":null}},"51":{"start":{"line":135,"column":12},"end":{"line":135,"column":null}},"52":{"start":{"line":136,"column":12},"end":{"line":136,"column":null}},"53":{"start":{"line":144,"column":33},"end":{"line":144,"column":null}},"54":{"start":{"line":145,"column":23},"end":{"line":145,"column":null}},"55":{"start":{"line":146,"column":8},"end":{"line":146,"column":null}},"56":{"start":{"line":153,"column":8},"end":{"line":153,"column":null}},"57":{"start":{"line":153,"column":38},"end":{"line":153,"column":null}},"58":{"start":{"line":154,"column":8},"end":{"line":157,"column":null}},"59":{"start":{"line":155,"column":12},"end":{"line":155,"column":null}},"60":{"start":{"line":156,"column":12},"end":{"line":156,"column":null}},"61":{"start":{"line":159,"column":22},"end":{"line":159,"column":null}},"62":{"start":{"line":160,"column":8},"end":{"line":160,"column":null}},"63":{"start":{"line":161,"column":8},"end":{"line":161,"column":null}},"64":{"start":{"line":163,"column":8},"end":{"line":165,"column":null}},"65":{"start":{"line":164,"column":12},"end":{"line":164,"column":null}},"66":{"start":{"line":169,"column":8},"end":{"line":169,"column":null}},"67":{"start":{"line":170,"column":8},"end":{"line":170,"column":null}},"68":{"start":{"line":173,"column":43},"end":{"line":173,"column":null}},"69":{"start":{"line":176,"column":8},"end":{"line":176,"column":null}},"70":{"start":{"line":178,"column":8},"end":{"line":178,"column":null}},"71":{"start":{"line":182,"column":8},"end":{"line":190,"column":null}},"72":{"start":{"line":183,"column":12},"end":{"line":187,"column":null}},"73":{"start":{"line":184,"column":16},"end":{"line":184,"column":null}},"74":{"start":{"line":186,"column":16},"end":{"line":186,"column":null}},"75":{"start":{"line":189,"column":12},"end":{"line":189,"column":null}},"76":{"start":{"line":194,"column":8},"end":{"line":244,"column":null}},"77":{"start":{"line":195,"column":24},"end":{"line":195,"column":null}},"78":{"start":{"line":196,"column":24},"end":{"line":196,"column":null}},"79":{"start":{"line":197,"column":25},"end":{"line":197,"column":null}},"80":{"start":{"line":198,"column":28},"end":{"line":198,"column":null}},"81":{"start":{"line":200,"column":12},"end":{"line":241,"column":null}},"82":{"start":{"line":201,"column":32},"end":{"line":201,"column":null}},"83":{"start":{"line":202,"column":16},"end":{"line":204,"column":null}},"84":{"start":{"line":203,"column":20},"end":{"line":203,"column":null}},"85":{"start":{"line":205,"column":12},"end":{"line":241,"column":null}},"86":{"start":{"line":206,"column":28},"end":{"line":206,"column":null}},"87":{"start":{"line":207,"column":16},"end":{"line":240,"column":null}},"88":{"start":{"line":208,"column":33},"end":{"line":208,"column":null}},"89":{"start":{"line":209,"column":37},"end":{"line":209,"column":null}},"90":{"start":{"line":211,"column":20},"end":{"line":239,"column":null}},"91":{"start":{"line":212,"column":59},"end":{"line":212,"column":null}},"92":{"start":{"line":213,"column":24},"end":{"line":234,"column":null}},"93":{"start":{"line":214,"column":41},"end":{"line":214,"column":null}},"94":{"start":{"line":215,"column":28},"end":{"line":215,"column":null}},"95":{"start":{"line":215,"column":38},"end":{"line":215,"column":null}},"96":{"start":{"line":216,"column":24},"end":{"line":234,"column":null}},"97":{"start":{"line":217,"column":42},"end":{"line":217,"column":null}},"98":{"start":{"line":218,"column":28},"end":{"line":218,"column":null}},"99":{"start":{"line":218,"column":39},"end":{"line":218,"column":null}},"100":{"start":{"line":219,"column":24},"end":{"line":234,"column":null}},"101":{"start":{"line":220,"column":43},"end":{"line":220,"column":null}},"102":{"start":{"line":221,"column":28},"end":{"line":221,"column":null}},"103":{"start":{"line":221,"column":40},"end":{"line":221,"column":null}},"104":{"start":{"line":222,"column":24},"end":{"line":234,"column":null}},"105":{"start":{"line":223,"column":41},"end":{"line":223,"column":null}},"106":{"start":{"line":224,"column":28},"end":{"line":233,"column":null}},"107":{"start":{"line":225,"column":32},"end":{"line":232,"column":null}},"108":{"start":{"line":236,"column":24},"end":{"line":238,"column":null}},"109":{"start":{"line":237,"column":28},"end":{"line":237,"column":null}},"110":{"start":{"line":243,"column":12},"end":{"line":243,"column":null}},"111":{"start":{"line":248,"column":8},"end":{"line":274,"column":null}},"112":{"start":{"line":249,"column":24},"end":{"line":249,"column":null}},"113":{"start":{"line":250,"column":12},"end":{"line":271,"column":null}},"114":{"start":{"line":252,"column":20},"end":{"line":257,"column":null}},"115":{"start":{"line":253,"column":59},"end":{"line":253,"column":null}},"116":{"start":{"line":254,"column":24},"end":{"line":254,"column":null}},"117":{"start":{"line":254,"column":36},"end":{"line":254,"column":null}},"118":{"start":{"line":255,"column":20},"end":{"line":257,"column":null}},"119":{"start":{"line":256,"column":24},"end":{"line":256,"column":null}},"120":{"start":{"line":258,"column":20},"end":{"line":258,"column":null}},"121":{"start":{"line":261,"column":20},"end":{"line":263,"column":null}},"122":{"start":{"line":262,"column":24},"end":{"line":262,"column":null}},"123":{"start":{"line":264,"column":20},"end":{"line":264,"column":null}},"124":{"start":{"line":266,"column":20},"end":{"line":266,"column":null}},"125":{"start":{"line":267,"column":20},"end":{"line":267,"column":null}},"126":{"start":{"line":269,"column":20},"end":{"line":269,"column":null}},"127":{"start":{"line":270,"column":20},"end":{"line":270,"column":null}},"128":{"start":{"line":273,"column":12},"end":{"line":273,"column":null}},"129":{"start":{"line":278,"column":8},"end":{"line":278,"column":null}},"130":{"start":{"line":279,"column":8},"end":{"line":279,"column":null}},"131":{"start":{"line":281,"column":35},"end":{"line":281,"column":null}},"132":{"start":{"line":282,"column":8},"end":{"line":284,"column":null}},"133":{"start":{"line":283,"column":12},"end":{"line":283,"column":null}},"134":{"start":{"line":288,"column":8},"end":{"line":288,"column":null}},"135":{"start":{"line":289,"column":8},"end":{"line":289,"column":null}}},"fnMap":{"0":{"name":"(anonymous_0)","decl":{"start":{"line":49,"column":4},"end":{"line":49,"column":16}},"loc":{"start":{"line":49,"column":41},"end":{"line":51,"column":null}},"line":49},"1":{"name":"(anonymous_1)","decl":{"start":{"line":53,"column":11},"end":{"line":53,"column":24}},"loc":{"start":{"line":53,"column":61},"end":{"line":55,"column":null}},"line":53},"2":{"name":"(anonymous_2)","decl":{"start":{"line":57,"column":15},"end":{"line":57,"column":36}},"loc":{"start":{"line":57,"column":36},"end":{"line":59,"column":null}},"line":57},"3":{"name":"(anonymous_3)","decl":{"start":{"line":61,"column":11},"end":{"line":61,"column":23}},"loc":{"start":{"line":61,"column":38},"end":{"line":63,"column":null}},"line":61},"4":{"name":"(anonymous_4)","decl":{"start":{"line":65,"column":17},"end":{"line":65,"column":27}},"loc":{"start":{"line":65,"column":27},"end":{"line":96,"column":null}},"line":65},"5":{"name":"(anonymous_5)","decl":{"start":{"line":98,"column":11},"end":{"line":98,"column":19}},"loc":{"start":{"line":98,"column":19},"end":{"line":103,"column":null}},"line":98},"6":{"name":"(anonymous_6)","decl":{"start":{"line":105,"column":11},"end":{"line":105,"column":22}},"loc":{"start":{"line":105,"column":57},"end":{"line":114,"column":null}},"line":105},"7":{"name":"(anonymous_7)","decl":{"start":{"line":116,"column":11},"end":{"line":116,"column":20}},"loc":{"start":{"line":116,"column":38},"end":{"line":125,"column":null}},"line":116},"8":{"name":"(anonymous_8)","decl":{"start":{"line":127,"column":11},"end":{"line":127,"column":25}},"loc":{"start":{"line":127,"column":52},"end":{"line":131,"column":null}},"line":127},"9":{"name":"(anonymous_9)","decl":{"start":{"line":133,"column":12},"end":{"line":133,"column":34}},"loc":{"start":{"line":133,"column":34},"end":{"line":138,"column":null}},"line":133},"10":{"name":"(anonymous_10)","decl":{"start":{"line":143,"column":12},"end":{"line":143,"column":40}},"loc":{"start":{"line":143,"column":40},"end":{"line":147,"column":null}},"line":143},"11":{"name":"(anonymous_11)","decl":{"start":{"line":152,"column":12},"end":{"line":152,"column":32}},"loc":{"start":{"line":152,"column":32},"end":{"line":166,"column":null}},"line":152},"12":{"name":"(anonymous_12)","decl":{"start":{"line":163,"column":41},"end":{"line":163,"column":47}},"loc":{"start":{"line":163,"column":47},"end":{"line":165,"column":11}},"line":163},"13":{"name":"(anonymous_13)","decl":{"start":{"line":168,"column":12},"end":{"line":168,"column":25}},"loc":{"start":{"line":168,"column":25},"end":{"line":179,"column":null}},"line":168},"14":{"name":"(anonymous_14)","decl":{"start":{"line":181,"column":12},"end":{"line":181,"column":26}},"loc":{"start":{"line":181,"column":43},"end":{"line":191,"column":null}},"line":181},"15":{"name":"(anonymous_15)","decl":{"start":{"line":193,"column":12},"end":{"line":193,"column":32}},"loc":{"start":{"line":193,"column":53},"end":{"line":245,"column":null}},"line":193},"16":{"name":"(anonymous_16)","decl":{"start":{"line":247,"column":12},"end":{"line":247,"column":30}},"loc":{"start":{"line":247,"column":44},"end":{"line":275,"column":null}},"line":247},"17":{"name":"(anonymous_17)","decl":{"start":{"line":277,"column":12},"end":{"line":277,"column":24}},"loc":{"start":{"line":277,"column":39},"end":{"line":285,"column":null}},"line":277},"18":{"name":"(anonymous_18)","decl":{"start":{"line":287,"column":12},"end":{"line":287,"column":24}},"loc":{"start":{"line":287,"column":34},"end":{"line":290,"column":null}},"line":287}},"branchMap":{"0":{"loc":{"start":{"line":68,"column":8},"end":{"line":74,"column":null}},"type":"if","locations":[{"start":{"line":68,"column":8},"end":{"line":74,"column":null}},{"start":{},"end":{}}],"line":68},"1":{"loc":{"start":{"line":78,"column":8},"end":{"line":81,"column":null}},"type":"if","locations":[{"start":{"line":78,"column":8},"end":{"line":81,"column":null}},{"start":{},"end":{}}],"line":78},"2":{"loc":{"start":{"line":79,"column":30},"end":{"line":79,"column":null}},"type":"cond-expr","locations":[{"start":{"line":79,"column":50},"end":{"line":79,"column":56}},{"start":{"line":79,"column":56},"end":{"line":79,"column":null}}],"line":79},"3":{"loc":{"start":{"line":94,"column":37},"end":{"line":94,"column":82}},"type":"cond-expr","locations":[{"start":{"line":94,"column":58},"end":{"line":94,"column":62}},{"start":{"line":94,"column":62},"end":{"line":94,"column":82}}],"line":94},"4":{"loc":{"start":{"line":106,"column":8},"end":{"line":106,"column":null}},"type":"if","locations":[{"start":{"line":106,"column":8},"end":{"line":106,"column":null}},{"start":{},"end":{}}],"line":106},"5":{"loc":{"start":{"line":117,"column":8},"end":{"line":117,"column":null}},"type":"if","locations":[{"start":{"line":117,"column":8},"end":{"line":117,"column":null}},{"start":{},"end":{}}],"line":117},"6":{"loc":{"start":{"line":128,"column":8},"end":{"line":128,"column":null}},"type":"if","locations":[{"start":{"line":128,"column":8},"end":{"line":128,"column":null}},{"start":{},"end":{}}],"line":128},"7":{"loc":{"start":{"line":134,"column":8},"end":{"line":137,"column":null}},"type":"if","locations":[{"start":{"line":134,"column":8},"end":{"line":137,"column":null}},{"start":{},"end":{}}],"line":134},"8":{"loc":{"start":{"line":153,"column":8},"end":{"line":153,"column":null}},"type":"if","locations":[{"start":{"line":153,"column":8},"end":{"line":153,"column":null}},{"start":{},"end":{}}],"line":153},"9":{"loc":{"start":{"line":154,"column":8},"end":{"line":157,"column":null}},"type":"if","locations":[{"start":{"line":154,"column":8},"end":{"line":157,"column":null}},{"start":{},"end":{}}],"line":154},"10":{"loc":{"start":{"line":183,"column":12},"end":{"line":187,"column":null}},"type":"if","locations":[{"start":{"line":183,"column":12},"end":{"line":187,"column":null}},{"start":{"line":185,"column":19},"end":{"line":187,"column":null}}],"line":183},"11":{"loc":{"start":{"line":200,"column":12},"end":{"line":241,"column":null}},"type":"if","locations":[{"start":{"line":200,"column":12},"end":{"line":241,"column":null}},{"start":{"line":205,"column":12},"end":{"line":241,"column":null}}],"line":200},"12":{"loc":{"start":{"line":202,"column":16},"end":{"line":204,"column":null}},"type":"if","locations":[{"start":{"line":202,"column":16},"end":{"line":204,"column":null}},{"start":{},"end":{}}],"line":202},"13":{"loc":{"start":{"line":205,"column":12},"end":{"line":241,"column":null}},"type":"if","locations":[{"start":{"line":205,"column":12},"end":{"line":241,"column":null}},{"start":{},"end":{}}],"line":205},"14":{"loc":{"start":{"line":207,"column":16},"end":{"line":240,"column":null}},"type":"if","locations":[{"start":{"line":207,"column":16},"end":{"line":240,"column":null}},{"start":{},"end":{}}],"line":207},"15":{"loc":{"start":{"line":211,"column":20},"end":{"line":239,"column":null}},"type":"if","locations":[{"start":{"line":211,"column":20},"end":{"line":239,"column":null}},{"start":{},"end":{}}],"line":211},"16":{"loc":{"start":{"line":211,"column":24},"end":{"line":211,"column":62}},"type":"binary-expr","locations":[{"start":{"line":211,"column":24},"end":{"line":211,"column":32}},{"start":{"line":211,"column":32},"end":{"line":211,"column":62}}],"line":211},"17":{"loc":{"start":{"line":213,"column":24},"end":{"line":234,"column":null}},"type":"if","locations":[{"start":{"line":213,"column":24},"end":{"line":234,"column":null}},{"start":{"line":216,"column":24},"end":{"line":234,"column":null}}],"line":213},"18":{"loc":{"start":{"line":215,"column":28},"end":{"line":215,"column":null}},"type":"if","locations":[{"start":{"line":215,"column":28},"end":{"line":215,"column":null}},{"start":{},"end":{}}],"line":215},"19":{"loc":{"start":{"line":216,"column":24},"end":{"line":234,"column":null}},"type":"if","locations":[{"start":{"line":216,"column":24},"end":{"line":234,"column":null}},{"start":{"line":219,"column":24},"end":{"line":234,"column":null}}],"line":216},"20":{"loc":{"start":{"line":218,"column":28},"end":{"line":218,"column":null}},"type":"if","locations":[{"start":{"line":218,"column":28},"end":{"line":218,"column":null}},{"start":{},"end":{}}],"line":218},"21":{"loc":{"start":{"line":219,"column":24},"end":{"line":234,"column":null}},"type":"if","locations":[{"start":{"line":219,"column":24},"end":{"line":234,"column":null}},{"start":{"line":222,"column":24},"end":{"line":234,"column":null}}],"line":219},"22":{"loc":{"start":{"line":221,"column":28},"end":{"line":221,"column":null}},"type":"if","locations":[{"start":{"line":221,"column":28},"end":{"line":221,"column":null}},{"start":{},"end":{}}],"line":221},"23":{"loc":{"start":{"line":222,"column":24},"end":{"line":234,"column":null}},"type":"if","locations":[{"start":{"line":222,"column":24},"end":{"line":234,"column":null}},{"start":{},"end":{}}],"line":222},"24":{"loc":{"start":{"line":224,"column":28},"end":{"line":233,"column":null}},"type":"if","locations":[{"start":{"line":224,"column":28},"end":{"line":233,"column":null}},{"start":{},"end":{}}],"line":224},"25":{"loc":{"start":{"line":236,"column":24},"end":{"line":238,"column":null}},"type":"if","locations":[{"start":{"line":236,"column":24},"end":{"line":238,"column":null}},{"start":{},"end":{}}],"line":236},"26":{"loc":{"start":{"line":250,"column":12},"end":{"line":271,"column":null}},"type":"switch","locations":[{"start":{"line":251,"column":16},"end":{"line":258,"column":null}},{"start":{"line":259,"column":16},"end":{"line":264,"column":null}},{"start":{"line":265,"column":16},"end":{"line":267,"column":null}},{"start":{"line":268,"column":16},"end":{"line":270,"column":null}}],"line":250},"27":{"loc":{"start":{"line":252,"column":20},"end":{"line":257,"column":null}},"type":"if","locations":[{"start":{"line":252,"column":20},"end":{"line":257,"column":null}},{"start":{"line":255,"column":20},"end":{"line":257,"column":null}}],"line":252},"28":{"loc":{"start":{"line":253,"column":59},"end":{"line":253,"column":null}},"type":"binary-expr","locations":[{"start":{"line":253,"column":59},"end":{"line":253,"column":74}},{"start":{"line":253,"column":74},"end":{"line":253,"column":null}}],"line":253},"29":{"loc":{"start":{"line":254,"column":24},"end":{"line":254,"column":null}},"type":"if","locations":[{"start":{"line":254,"column":24},"end":{"line":254,"column":null}},{"start":{},"end":{}}],"line":254},"30":{"loc":{"start":{"line":255,"column":20},"end":{"line":257,"column":null}},"type":"if","locations":[{"start":{"line":255,"column":20},"end":{"line":257,"column":null}},{"start":{},"end":{}}],"line":255},"31":{"loc":{"start":{"line":261,"column":20},"end":{"line":263,"column":null}},"type":"if","locations":[{"start":{"line":261,"column":20},"end":{"line":263,"column":null}},{"start":{},"end":{}}],"line":261},"32":{"loc":{"start":{"line":261,"column":24},"end":{"line":261,"column":48}},"type":"binary-expr","locations":[{"start":{"line":261,"column":24},"end":{"line":261,"column":36}},{"start":{"line":261,"column":36},"end":{"line":261,"column":48}}],"line":261},"33":{"loc":{"start":{"line":282,"column":8},"end":{"line":284,"column":null}},"type":"if","locations":[{"start":{"line":282,"column":8},"end":{"line":284,"column":null}},{"start":{},"end":{}}],"line":282},"34":{"loc":{"start":{"line":282,"column":12},"end":{"line":282,"column":79}},"type":"binary-expr","locations":[{"start":{"line":282,"column":12},"end":{"line":282,"column":52}},{"start":{"line":282,"column":52},"end":{"line":282,"column":79}}],"line":282}},"s":{"0":17,"1":17,"2":17,"3":17,"4":17,"5":17,"6":1,"7":1,"8":1,"9":8,"10":16,"11":0,"12":18,"13":18,"14":1,"15":1,"16":0,"17":18,"18":18,"19":18,"20":18,"21":18,"22":18,"23":18,"24":18,"25":18,"26":18,"27":18,"28":18,"29":0,"30":18,"31":18,"32":18,"33":18,"34":14,"35":0,"36":14,"37":14,"38":14,"39":0,"40":1,"41":0,"42":1,"43":1,"44":1,"45":0,"46":1,"47":0,"48":1,"49":1,"50":18,"51":1,"52":1,"53":1,"54":1,"55":1,"56":1,"57":0,"58":1,"59":0,"60":0,"61":1,"62":1,"63":1,"64":1,"65":1,"66":13,"67":13,"68":13,"69":13,"70":13,"71":8,"72":8,"73":6,"74":2,"75":0,"76":2,"77":2,"78":2,"79":2,"80":2,"81":2,"82":1,"83":1,"84":1,"85":1,"86":1,"87":1,"88":1,"89":1,"90":1,"91":1,"92":1,"93":0,"94":0,"95":0,"9
[...]
ine":15},"2":{"name":"(anonymous_2)","decl":{"start":{"line":21,"column":7},"end":{"line":21,"column":27}},"loc":{"start":{"line":21,"column":82},"end":{"line":23,"column":null}},"line":21},"3":{"name":"(anonymous_3)","decl":{"start":{"line":25,"column":7},"end":{"line":25,"column":39}},"loc":{"start":{"line":25,"column":94},"end":{"line":28,"column":null}},"line":25},"4":{"name":"(anonymous_4)","decl":{"start":{"line":30,"column":0},"end":{"line":30,"column":18}},"loc":{"start":{"line":30,"column":18},"end":{"line":33,"column":null}},"line":30},"5":{"name":"(anonymous_5)","decl":{"start":{"line":35,"column":0},"end":{"line":35,"column":3}},"loc":{"start":{"line":35,"column":20},"end":{"line":38,"column":null}},"line":35},"6":{"name":"(anonymous_6)","decl":{"start":{"line":40,"column":0},"end":{"line":40,"column":8}},"loc":{"start":{"line":40,"column":35},"end":{"line":43,"column":null}},"line":40},"7":{"name":"(anonymous_7)","decl":{"start":{"line":45,"column":0},"end":{"line":45,"column":23}},"loc":{"start":{"line":45,"column":23},"end":{"line":48,"column":null}},"line":45},"8":{"name":"(anonymous_8)","decl":{"start":{"line":50,"column":0},"end":{"line":50,"column":31}},"loc":{"start":{"line":50,"column":31},"end":{"line":53,"column":null}},"line":50},"9":{"name":"(anonymous_9)","decl":{"start":{"line":55,"column":0},"end":{"line":55,"column":7}},"loc":{"start":{"line":55,"column":32},"end":{"line":58,"column":null}},"line":55},"10":{"name":"(anonymous_10)","decl":{"start":{"line":60,"column":7},"end":{"line":60,"column":23}},"loc":{"start":{"line":60,"column":52},"end":{"line":62,"column":null}},"line":60},"11":{"name":"(anonymous_11)","decl":{"start":{"line":64,"column":7},"end":{"line":64,"column":18}},"loc":{"start":{"line":64,"column":64},"end":{"line":66,"column":null}},"line":64},"12":{"name":"(anonymous_12)","decl":{"start":{"line":68,"column":7},"end":{"line":68,"column":13}},"loc":{"start":{"line":68,"column":71},"end":{"line":70,"column":null}},"line":68},"13":{"name":"(anonymous_13)","decl":{"start":{"line":72,"column":7},"end":{"line":72,"column":18}},"loc":{"start":{"line":72,"column":81},"end":{"line":74,"column":null}},"line":72},"14":{"name":"(anonymous_14)","decl":{"start":{"line":76,"column":7},"end":{"line":76,"column":27}},"loc":{"start":{"line":76,"column":101},"end":{"line":82,"column":null}},"line":76},"15":{"name":"(anonymous_15)","decl":{"start":{"line":84,"column":7},"end":{"line":84,"column":26}},"loc":{"start":{"line":84,"column":72},"end":{"line":86,"column":null}},"line":84},"16":{"name":"(anonymous_16)","decl":{"start":{"line":88,"column":7},"end":{"line":88,"column":17}},"loc":{"start":{"line":88,"column":79},"end":{"line":90,"column":null}},"line":88},"17":{"name":"(anonymous_17)","decl":{"start":{"line":92,"column":7},"end":{"line":92,"column":21}},"loc":{"start":{"line":92,"column":69},"end":{"line":95,"column":null}},"line":92},"18":{"name":"(anonymous_18)","decl":{"start":{"line":97,"column":7},"end":{"line":97,"column":30}},"loc":{"start":{"line":97,"column":86},"end":{"line":99,"column":null}},"line":97},"19":{"name":"(anonymous_19)","decl":{"start":{"line":101,"column":7},"end":{"line":101,"column":42}},"loc":{"start":{"line":101,"column":98},"end":{"line":103,"column":null}},"line":101},"20":{"name":"(anonymous_20)","decl":{"start":{"line":106,"column":0},"end":{"line":106,"column":22}},"loc":{"start":{"line":106,"column":22},"end":{"line":113,"column":null}},"line":106},"21":{"name":"(anonymous_21)","decl":{"start":{"line":116,"column":0},"end":{"line":116,"column":9}},"loc":{"start":{"line":116,"column":32},"end":{"line":121,"column":null}},"line":116},"22":{"name":"(anonymous_22)","decl":{"start":{"line":125,"column":0},"end":{"line":125,"column":null}},"loc":{"start":{"line":130,"column":1},"end":{"line":130,"column":null}},"line":130},"23":{"name":"(anonymous_23)","decl":{"start":{"line":133,"column":0},"end":{"line":133,"column":5}},"loc":{"start":{"line":133,"column":54},"end":{"line":145,"column":null}},"line":133}},"branchMap":{"0":{"loc":{"start":{"line":22,"column":10},"end":{"line":22,"column":35}},"type":"binary-expr","locations":[{"start":{"line":22,"column":10},"end":{"line":22,"column":17}},{"start":{"line":22,"column":17},"end":{"line":22,"column":35}}],"line":22},"1":{"loc":{"start":{"line":27,"column":10},"end":{"line":27,"column":35}},"type":"binary-expr","locations":[{"start":{"line":27,"column":10},"end":{"line":27,"column":17}},{"start":{"line":27,"column":17},"end":{"line":27,"column":35}}],"line":27},"2":{"loc":{"start":{"line":32,"column":9},"end":{"line":32,"column":null}},"type":"cond-expr","locations":[{"start":{"line":32,"column":18},"end":{"line":32,"column":60}},{"start":{"line":32,"column":60},"end":{"line":32,"column":null}}],"line":32},"3":{"loc":{"start":{"line":37,"column":9},"end":{"line":37,"column":null}},"type":"cond-expr","locations":[{"start":{"line":37,"column":9},"end":{"line":37,"column":98}},{"start":{"line":37,"column":98},"end":{"line":37,"column":null}}],"line":37},"4":{"loc":{"start":{"line":37,"column":19},"end":{"line":37,"column":36}},"type":"binary-expr","locations":[{"start":{"line":37,"column":19},"end":{"line":37,"column":26}},{"start":{"line":37,"column":26},"end":{"line":37,"column":36}}],"line":37},"5":{"loc":{"start":{"line":42,"column":9},"end":{"line":42,"column":null}},"type":"cond-expr","locations":[{"start":{"line":42,"column":18},"end":{"line":42,"column":88}},{"start":{"line":42,"column":88},"end":{"line":42,"column":null}}],"line":42},"6":{"loc":{"start":{"line":47,"column":9},"end":{"line":47,"column":null}},"type":"cond-expr","locations":[{"start":{"line":47,"column":18},"end":{"line":47,"column":64}},{"start":{"line":47,"column":64},"end":{"line":47,"column":null}}],"line":47},"7":{"loc":{"start":{"line":52,"column":9},"end":{"line":52,"column":null}},"type":"cond-expr","locations":[{"start":{"line":52,"column":18},"end":{"line":52,"column":176}},{"start":{"line":52,"column":176},"end":{"line":52,"column":null}}],"line":52},"8":{"loc":{"start":{"line":57,"column":9},"end":{"line":57,"column":null}},"type":"cond-expr","locations":[{"start":{"line":57,"column":9},"end":{"line":57,"column":102}},{"start":{"line":57,"column":102},"end":{"line":57,"column":null}}],"line":57},"9":{"loc":{"start":{"line":57,"column":19},"end":{"line":57,"column":40}},"type":"binary-expr","locations":[{"start":{"line":57,"column":19},"end":{"line":57,"column":26}},{"start":{"line":57,"column":26},"end":{"line":57,"column":40}}],"line":57},"10":{"loc":{"start":{"line":109,"column":5},"end":{"line":109,"column":null}},"type":"cond-expr","locations":[{"start":{"line":109,"column":26},"end":{"line":109,"column":48}},{"start":{"line":109,"column":48},"end":{"line":109,"column":null}}],"line":109},"11":{"loc":{"start":{"line":111,"column":5},"end":{"line":111,"column":null}},"type":"cond-expr","locations":[{"start":{"line":111,"column":30},"end":{"line":111,"column":56}},{"start":{"line":111,"column":56},"end":{"line":111,"column":null}}],"line":111},"12":{"loc":{"start":{"line":118,"column":11},"end":{"line":118,"column":null}},"type":"cond-expr","locations":[{"start":{"line":118,"column":32},"end":{"line":118,"column":54}},{"start":{"line":118,"column":54},"end":{"line":118,"column":null}}],"line":118},"13":{"loc":{"start":{"line":120,"column":15},"end":{"line":120,"column":null}},"type":"cond-expr","locations":[{"start":{"line":120,"column":40},"end":{"line":120,"column":66}},{"start":{"line":120,"column":66},"end":{"line":120,"column":null}}],"line":120},"14":{"loc":{"start":{"line":126,"column":9},"end":{"line":126,"column":null}},"type":"default-arg","locations":[{"start":{"line":126,"column":28},"end":{"line":126,"column":null}}],"line":126},"15":{"loc":{"start":{"line":127,"column":9},"end":{"line":127,"column":null}},"type":"default-arg","locations":[{"start":{"line":127,"column":24},"end":{"line":127,"column":null}}],"line":127},"16":{"loc":{"start":{"line":128,"column":9},"end":{"line":128,"column":null}},"type":"default-arg","locations":[{"start":{"line":128,"column":31},"end":{"line":128,"column":null}}],"line":128},"17":{"loc":{"start":{"line":129,"column":9},"end":{"line":129,"column":null}},"type":"default-arg","locations":[{"start":{"line":129,"column":32},"end":{"line":129,"column":null}}],"line":129},"18":{"loc":{"start":{"line":134,"column":14},"end":{"line":134,"column":null}},"type":"cond-expr","locations":[{"start":{"line":134,"column":33},"end":{"line":134,"column":58}},{"start":{"line":134,"column":58},"end":{"line":134,"column":null}}],"line":134},"19":{"loc":{"start":{"line":136,"column":18},"end":{"line":136,"column":null}},"type":"cond-expr","locations":[{"start":{"line":136,"column":41},"end":{"line":136,"column":70}},{"start":{"line":136,"column":70},"end":{"line":136,"column":null}}],"line":136}},"s":{"0":7,"1":7,"2":7,"3":7,"4":7,"5":7,"6":0,"7":0,"8":7,"9":7,"10":0,"11":0,"12":0,"13":0,"14":1,"15":1,"16":2,"17":2,"18":5,"19":5,"20":22,"21":22,"22":0,"23":3,"24":3,"25":3,"26":3,"27":8,"28":3,"29":0,"30":19,"31":22,"32":22,"33":0,"34":0,"35":0,"36":0,"37":0,"38":0,"39":0,"40":0,"41":0,"42":0,"43":0,"44":0,"45":0,"46":0,"47":0,"48":0,"49":0,"50":0,"51":0,"52":0},"f":{"0":7,"1":7,"2":2,"3":2,"4":7,"5":0,"6":0,"7":1,"8":2,"9":5,"10":2,"11":2,"12":2,"13":2,"14":2,"15":2,"16":2,"17":2,"18":2,"19":2,"20":0,"21":0,"22":0,"23":0},"b":{"0":[7,7],"1":[0,0],"2":[7,0],"3":[0,0],"4":[0,0],"5":[0,0],"6":[1,0],"7":[2,0],"8":[5,0],"9":[5,5],"10":[0,0],"11":[0,0],"12":[0,0],"13":[0,0],"14":[0],"15":[0],"16":[0],"17":[0],"18":[0,0],"19":[0,0]},"meta":{"lastBranch":20,"lastFunction":24,"lastStatement":53,"seen":{"f:12:7:12:13":0,"s:13:2:13:Infinity":0,"s:14:2:14:Infinity":1,"f:15:2:15:9":1,"s:16:2:16:Infinity":2,"s:17:2:17:Infinity":3,"s:18:2:18:Infinity":4,"f:21:7:21:27":2,"s:22:2:22:Infinity":5,"b:22:10:22:17:22:17:22:35":0,"f:25:7:25:39":3,"s:26:2:26:Infinity":6,"s:27:2:27:Infinity":7,"b:27:10:27:17:27:17:27:35":1,"f:30:0:30:18":4,"s:31:17:31:Infinity":8,"s:32:2:32:Infinity":9,"b:32:18:32:60:32:60:32:Infinity":2,"f:35:0:35:3":5,"s:36:17:36:Infinity":10,"s:37:2:37:Infinity":11,"b:37:9:37:98:37:98:37:Infinity":3,"b:37:19:37:26:37:26:37:36":4,"f:40:0:40:8":6,"s:41:17:41:Infinity":12,"s:42:2:42:Infinity":13,"b:42:18:42:88:42:88:42:Infinity":5,"f:45:0:45:23":7,"s:46:17:46:Infinity":14,"s:47:2:47:Infinity":15,"b:47:18:47:64:47:64:47:Infinity":6,"f:50:0:50:31":8,"s:51:17:51:Infinity":16,"s:52:2:52:Infinity":17,"b:52:18:52:176:52:176:52:Infinity":7,"f:55:0:55:7":9,"s:56:17:56:Infinity":18,"s:57:2:57:Infinity":19,"b:57:9:57:102:57:102:57:Infinity":8,"b:57:19:57:26:57:26:57:40":9,"f:60:7:60:23":10,"s:61:2:61:Infinity":20,"f:64:7:64:18":11,"s:65:2:65:Infinity":21,"f:68:7:68:13":12,"s:69:2:69:Infinity":22,"f:72:7:72:18":13,"s:73:2:73:Infinity":23,"f:76:7:76:27":14,"s:77:2:77:Infinity":24,"s:78:2:80:Infinity":25,"s:78:15:78:32":26,"s:79:4:79:Infinity":27,"s:81:2:81:Infinity":28,"f:84:7:84:26":15,"s:85:2:85:Infinity":29,"f:88:7:88:17":16,"s:89:2:89:Infinity":30,"f:92:7:92:21":17,"s:93:17:93:Infinity":31,"s:94:2:94:Infinity":32,"f:97:7:97:30":18,"s:98:2:98:Infinity":33,"f:101:7:101:42":19,"s:102:2:102:Infinity":34,"f:106:0:106:22":20,"s:107:2:112:Infinity":35,"b:109:26:109:48:109:48:109:Infinity":10,"b:111:30:111:56:111:56:111:Infinity":11,"f:116:0:116:9":21,"s:117:2:117:Infinity":36,"s:118:2:118:Infinity":37,"b:118:32:118:54:118:54:118:Infinity":12,"s:119:2:119:Infinity":38,"s:120:2:120:Infinity":39,"b:120:40:120:66:120:66:120:Infinity":13,"f:125:0:125:Infinity":22,"b:126:28:126:Infinity":14,"b:127:24:127:Infinity":15,"b:128:31:128:Infinity":16,"b:129:32:129:Infinity":17,"s:126:9:126:28":40,"s:127:9:127:24":41,"s:128:9:128:31":42,"s:129:9:129:32":43,"f:133:0:133:5":23,"s:134:14:134:Infinity":44,"b:134:33:134:58:134:58:134:Infinity":18,"s:135:18:135:Infinity":45,"s:136:18:136:Infinity":46,"b:136:41:136:70:136:70:136:Infinity":19,"s:138:2:138:Infinity":47,"s:139:2:139:Infinity":48,"s:140:2:140:Infinity":49,"s:141:2:141:Infinity":50,"s:142:2:142:Infinity":51,"s:144:2:144:Infinity":52}}}
,"/Users/kevin/projects/nmeshed/sdks/javascript/src/utils/Logger.ts": {"path":"/Users/kevin/projects/nmeshed/sdks/javascript/src/utils/Logger.ts","statementMap":{"0":{"start":{"line":31,"column":45},"end":{"line":36,"column":null}},"1":{"start":{"line":41,"column":29},"end":{"line":52,"column":null}},"2":{"start":{"line":55,"column":4},"end":{"line":55,"column":null}},"3":{"start":{"line":55,"column":25},"end":{"line":55,"column":null}},"4":{"start":{"line":56,"column":4},"end":{"line":56,"column":null}},"5":{"start":{"line":62,"column":22},"end":{"line":119,"column":null}},"6":{"start":{"line":65,"column":8},"end":{"line":65,"column":null}},"7":{"start":{"line":70,"column":8},"end":{"line":70,"column":null}},"8":{"start":{"line":75,"column":8},"end":{"line":77,"column":null}},"9":{"start":{"line":76,"column":12},"end":{"line":76,"column":null}},"10":{"start":{"line":82,"column":8},"end":{"line":84,"column":null}},"11":{"start":{"line":83,"column":12},"end":{"line":83,"column":null}},"12":{"start":{"line":89,"column":8},"end":{"line":91,"column":null}},"13":{"start":{"line":90,"column":12},"end":{"line":90,"column":null}},"14":{"start":{"line":96,"column":8},"end":{"line":98,"column":null}},"15":{"start":{"line":97,"column":12},"end":{"line":97,"column":null}},"16":{"start":{"line":103,"column":8},"end":{"line":105,"column":null}},"17":{"start":{"line":104,"column":12},"end":{"line":104,"column":null}},"18":{"start":{"line":110,"column":8},"end":{"line":112,"column":null}},"19":{"start":{"line":111,"column":12},"end":{"line":111,"column":null}},"20":{"start":{"line":117,"column":8},"end":{"line":117,"column":null}}},"fnMap":{"0":{"name":"shouldLog","decl":{"start":{"line":54,"column":9},"end":{"line":54,"column":19}},"loc":{"start":{"line":54,"column":45},"end":{"line":57,"column":null}},"line":54},"1":{"name":"(anonymous_1)","decl":{"start":{"line":64,"column":15},"end":{"line":64,"column":16}},"loc":{"start":{"line":64,"column":51},"end":{"line":66,"column":null}},"line":64},"2":{"name":"(anonymous_2)","decl":{"start":{"line":69,"column":17},"end":{"line":69,"column":23}},"loc":{"start":{"line":69,"column":23},"end":{"line":71,"column":null}},"line":69},"3":{"name":"(anonymous_3)","decl":{"start":{"line":74,"column":9},"end":{"line":74,"column":10}},"loc":{"start":{"line":74,"column":50},"end":{"line":78,"column":null}},"line":74},"4":{"name":"(anonymous_4)","decl":{"start":{"line":81,"column":10},"end":{"line":81,"column":11}},"loc":{"start":{"line":81,"column":51},"end":{"line":85,"column":null}},"line":81},"5":{"name":"(anonymous_5)","decl":{"start":{"line":88,"column":9},"end":{"line":88,"column":10}},"loc":{"start":{"line":88,"column":50},"end":{"line":92,"column":null}},"line":88},"6":{"name":"(anonymous_6)","decl":{"start":{"line":95,"column":10},"end":{"line":95,"column":11}},"loc":{"start":{"line":95,"column":51},"end":{"line":99,"column":null}},"line":95},"7":{"name":"(anonymous_7)","decl":{"start":{"line":102,"column":11},"end":{"line":102,"column":12}},"loc":{"start":{"line":102,"column":52},"end":{"line":106,"column":null}},"line":102},"8":{"name":"(anonymous_8)","decl":{"start":{"line":109,"column":10},"end":{"line":109,"column":11}},"loc":{"start":{"line":109,"column":51},"end":{"line":113,"column":null}},"line":109},"9":{"name":"(anonymous_9)","decl":{"start":{"line":116,"column":11},"end":{"line":116,"column":12}},"loc":{"start":{"line":116,"column":52},"end":{"line":118,"column":null}},"line":116}},"branchMap":{"0":{"loc":{"start":{"line":42,"column":13},"end":{"line":44,"column":null}},"type":"cond-expr","locations":[{"start":{"line":43,"column":10},"end":{"line":43,"column":null}},{"start":{"line":44,"column":10},"end":{"line":44,"column":null}}],"line":42},"1":{"loc":{"start":{"line":55,"column":4},"end":{"line":55,"column":null}},"type":"if","locations":[{"start":{"line":55,"column":4},"end":{"line":55,"column":null}},{"start":{},"end":{}}],"line":55},"2":{"loc":{"start":{"line":75,"column":8},"end":{"line":77,"column":null}},"type":"if","locations":[{"start":{"line":75,"column":8},"end":{"line":77,"column":null}},{"start":{},"end":{}}],"line":75},"3":{"loc":{"start":{"line":75,"column":12},"end":{"line":75,"column":56}},"type":"binary-expr","locations":[{"start":{"line":75,"column":12},"end":{"line":75,"column":37}},{"start":{"line":75,"column":37},"end":{"line":75,"column":56}}],"line":75},"4":{"loc":{"start":{"line":82,"column":8},"end":{"line":84,"column":null}},"type":"if","locations":[{"start":{"line":82,"column":8},"end":{"line":84,"column":null}},{"start":{},"end":{}}],"line":82},"5":{"loc":{"start":{"line":82,"column":12},"end":{"line":82,"column":57}},"type":"binary-expr","locations":[{"start":{"line":82,"column":12},"end":{"line":82,"column":38}},{"start":{"line":82,"column":38},"end":{"line":82,"column":57}}],"line":82},"6":{"loc":{"start":{"line":89,"column":8},"end":{"line":91,"column":null}},"type":"if","locations":[{"start":{"line":89,"column":8},"end":{"line":91,"column":null}},{"start":{},"end":{}}],"line":89},"7":{"loc":{"start":{"line":89,"column":12},"end":{"line":89,"column":56}},"type":"binary-expr","locations":[{"start":{"line":89,"column":12},"end":{"line":89,"column":37}},{"start":{"line":89,"column":37},"end":{"line":89,"column":56}}],"line":89},"8":{"loc":{"start":{"line":96,"column":8},"end":{"line":98,"column":null}},"type":"if","locations":[{"start":{"line":96,"column":8},"end":{"line":98,"column":null}},{"start":{},"end":{}}],"line":96},"9":{"loc":{"start":{"line":96,"column":12},"end":{"line":96,"column":57}},"type":"binary-expr","locations":[{"start":{"line":96,"column":12},"end":{"line":96,"column":38}},{"start":{"line":96,"column":38},"end":{"line":96,"column":57}}],"line":96},"10":{"loc":{"start":{"line":103,"column":8},"end":{"line":105,"column":null}},"type":"if","locations":[{"start":{"line":103,"column":8},"end":{"line":105,"column":null}},{"start":{},"end":{}}],"line":103},"11":{"loc":{"start":{"line":110,"column":8},"end":{"line":112,"column":null}},"type":"if","locations":[{"start":{"line":110,"column":8},"end":{"line":112,"column":null}},{"start":{},"end":{}}],"line":110}},"s":{"0":3,"1":3,"2":79,"3":0,"4":79,"5":3,"6":0,"7":0,"8":0,"9":0,"10":17,"11":17,"12":50,"13":50,"14":11,"15":11,"16":0,"17":0,"18":1,"19":1,"20":5},"f":{"0":79,"1":0,"2":0,"3":0,"4":17,"5":50,"6":11,"7":0,"8":1,"9":5},"b":{"0":[3,0],"1":[0,79],"2":[0,0],"3":[0,0],"4":[17,0],"5":[17,17],"6":[50,0],"7":[50,50],"8":[11,0],"9":[11,11],"10":[0,0],"11":[1,0]},"meta":{"lastBranch":12,"lastFunction":10,"lastStatement":21,"seen":{"s:31:45:36:Infinity":0,"s:41:29:52:Infinity":1,"b:43:10:43:Infinity:44:10:44:Infinity":0,"f:54:9:54:19":0,"b:55:4:55:Infinity:undefined:undefined:undefined:undefined":1,"s:55:4:55:Infinity":2,"s:55:25:55:Infinity":3,"s:56:4:56:Infinity":4,"s:62:22:119:Infinity":5,"f:64:15:64:16":1,"s:65:8:65:Infinity":6,"f:69:17:69:23":2,"s:70:8:70:Infinity":7,"f:74:9:74:10":3,"b:75:8:77:Infinity:undefined:undefined:undefined:undefined":2,"s:75:8:77:Infinity":8,"b:75:12:75:37:75:37:75:56":3,"s:76:12:76:Infinity":9,"f:81:10:81:11":4,"b:82:8:84:Infinity:undefined:undefined:undefined:undefined":4,"s:82:8:84:Infinity":10,"b:82:12:82:38:82:38:82:57":5,"s:83:12:83:Infinity":11,"f:88:9:88:10":5,"b:89:8:91:Infinity:undefined:undefined:undefined:undefined":6,"s:89:8:91:Infinity":12,"b:89:12:89:37:89:37:89:56":7,"s:90:12:90:Infinity":13,"f:95:10:95:11":6,"b:96:8:98:Infinity:undefined:undefined:undefined:undefined":8,"s:96:8:98:Infinity":14,"b:96:12:96:38:96:38:96:57":9,"s:97:12:97:Infinity":15,"f:102:11:102:12":7,"b:103:8:105:Infinity:undefined:undefined:undefined:undefined":10,"s:103:8:105:Infinity":16,"s:104:12:104:Infinity":17,"f:109:10:109:11":8,"b:110:8:112:Infinity:undefined:undefined:undefined:undefined":11,"s:110:8:112:Infinity":18,"s:111:12:111:Infinity":19,"f:116:11:116:12":9,"s:117:8:117:Infinity":20}}}
}
